{"C:\\Users\\foo\\Desktop\\SWEN_PROJ\\BE\\se-project-be-68-2-skill-issue\\server.js": {"path":"C:\\Users\\foo\\Desktop\\SWEN_PROJ\\BE\\se-project-be-68-2-skill-issue\\server.js","statementMap":{"0":{"start":{"line":1,"column":16},"end":{"line":1,"column":34}},"1":{"start":{"line":2,"column":15},"end":{"line":2,"column":32}},"2":{"start":{"line":3,"column":21},"end":{"line":3,"column":45}},"3":{"start":{"line":4,"column":22},"end":{"line":4,"column":64}},"4":{"start":{"line":5,"column":15},"end":{"line":5,"column":32}},"5":{"start":{"line":6,"column":18},"end":{"line":6,"column":47}},"6":{"start":{"line":7,"column":16},"end":{"line":7,"column":48}},"7":{"start":{"line":8,"column":12},"end":{"line":8,"column":26}},"8":{"start":{"line":9,"column":13},"end":{"line":9,"column":28}},"9":{"start":{"line":10,"column":21},"end":{"line":10,"column":45}},"10":{"start":{"line":11,"column":18},"end":{"line":11,"column":47}},"11":{"start":{"line":13,"column":18},"end":{"line":13,"column":47}},"12":{"start":{"line":14,"column":13},"end":{"line":14,"column":37}},"13":{"start":{"line":15,"column":17},"end":{"line":15,"column":45}},"14":{"start":{"line":16,"column":16},"end":{"line":16,"column":43}},"15":{"start":{"line":17,"column":14},"end":{"line":17,"column":39}},"16":{"start":{"line":18,"column":17},"end":{"line":18,"column":45}},"17":{"start":{"line":19,"column":18},"end":{"line":19,"column":40}},"18":{"start":{"line":21,"column":0},"end":{"line":21,"column":47}},"19":{"start":{"line":23,"column":0},"end":{"line":23,"column":12}},"20":{"start":{"line":25,"column":12},"end":{"line":25,"column":21}},"21":{"start":{"line":27,"column":16},"end":{"line":30,"column":2}},"22":{"start":{"line":32,"column":23},"end":{"line":47,"column":1}},"23":{"start":{"line":49,"column":20},"end":{"line":49,"column":48}},"24":{"start":{"line":50,"column":0},"end":{"line":50,"column":68}},"25":{"start":{"line":52,"column":0},"end":{"line":52,"column":24}},"26":{"start":{"line":53,"column":0},"end":{"line":53,"column":18}},"27":{"start":{"line":54,"column":0},"end":{"line":54,"column":15}},"28":{"start":{"line":55,"column":0},"end":{"line":55,"column":17}},"29":{"start":{"line":56,"column":0},"end":{"line":56,"column":15}},"30":{"start":{"line":57,"column":0},"end":{"line":57,"column":16}},"31":{"start":{"line":58,"column":0},"end":{"line":58,"column":24}},"32":{"start":{"line":59,"column":0},"end":{"line":59,"column":36}},"33":{"start":{"line":61,"column":0},"end":{"line":61,"column":40}},"34":{"start":{"line":62,"column":0},"end":{"line":62,"column":30}},"35":{"start":{"line":63,"column":0},"end":{"line":63,"column":38}},"36":{"start":{"line":64,"column":0},"end":{"line":64,"column":36}},"37":{"start":{"line":65,"column":0},"end":{"line":65,"column":32}},"38":{"start":{"line":66,"column":0},"end":{"line":66,"column":38}},"39":{"start":{"line":68,"column":0},"end":{"line":78,"column":1}},"40":{"start":{"line":69,"column":15},"end":{"line":69,"column":39}},"41":{"start":{"line":70,"column":17},"end":{"line":72,"column":4}},"42":{"start":{"line":71,"column":4},"end":{"line":71,"column":85}},"43":{"start":{"line":74,"column":2},"end":{"line":77,"column":5}},"44":{"start":{"line":75,"column":4},"end":{"line":75,"column":41}},"45":{"start":{"line":76,"column":4},"end":{"line":76,"column":40}},"46":{"start":{"line":76,"column":23},"end":{"line":76,"column":38}},"47":{"start":{"line":81,"column":0},"end":{"line":81,"column":21}}},"fnMap":{"0":{"name":"(anonymous_0)","decl":{"start":{"line":70,"column":34},"end":{"line":70,"column":35}},"loc":{"start":{"line":70,"column":40},"end":{"line":72,"column":3}},"line":70},"1":{"name":"(anonymous_1)","decl":{"start":{"line":74,"column":35},"end":{"line":74,"column":36}},"loc":{"start":{"line":74,"column":53},"end":{"line":77,"column":3}},"line":74},"2":{"name":"(anonymous_2)","decl":{"start":{"line":76,"column":17},"end":{"line":76,"column":18}},"loc":{"start":{"line":76,"column":23},"end":{"line":76,"column":38}},"line":76}},"branchMap":{"0":{"loc":{"start":{"line":42,"column":13},"end":{"line":42,"column":67}},"type":"binary-expr","locations":[{"start":{"line":42,"column":13},"end":{"line":42,"column":33}},{"start":{"line":42,"column":37},"end":{"line":42,"column":67}}],"line":42},"1":{"loc":{"start":{"line":68,"column":0},"end":{"line":78,"column":1}},"type":"if","locations":[{"start":{"line":68,"column":0},"end":{"line":78,"column":1}},{"start":{},"end":{}}],"line":68},"2":{"loc":{"start":{"line":69,"column":15},"end":{"line":69,"column":39}},"type":"binary-expr","locations":[{"start":{"line":69,"column":15},"end":{"line":69,"column":31}},{"start":{"line":69,"column":35},"end":{"line":69,"column":39}}],"line":69}},"s":{"0":3,"1":3,"2":3,"3":3,"4":3,"5":3,"6":3,"7":3,"8":3,"9":3,"10":3,"11":3,"12":3,"13":3,"14":3,"15":3,"16":3,"17":3,"18":3,"19":3,"20":3,"21":3,"22":3,"23":3,"24":3,"25":3,"26":3,"27":3,"28":3,"29":3,"30":3,"31":3,"32":3,"33":3,"34":3,"35":3,"36":3,"37":3,"38":3,"39":3,"40":2,"41":2,"42":2,"43":2,"44":1,"45":1,"46":1,"47":3},"f":{"0":2,"1":1,"2":1},"b":{"0":[3,3],"1":[2,1],"2":[2,1]},"_coverageSchema":"1a1c01bbd47fc00a2c39e90264f33305004495a9","hash":"b637a5f1f2ebe27b5b554b9239df3ca14952d038"}
,"C:\\Users\\foo\\Desktop\\SWEN_PROJ\\BE\\se-project-be-68-2-skill-issue\\config\\db.js": {"path":"C:\\Users\\foo\\Desktop\\SWEN_PROJ\\BE\\se-project-be-68-2-skill-issue\\config\\db.js","statementMap":{"0":{"start":{"line":1,"column":17},"end":{"line":1,"column":36}},"1":{"start":{"line":2,"column":18},"end":{"line":7,"column":1}},"2":{"start":{"line":3,"column":0},"end":{"line":3,"column":34}},"3":{"start":{"line":4,"column":15},"end":{"line":4,"column":61}},"4":{"start":{"line":6,"column":2},"end":{"line":6,"column":60}},"5":{"start":{"line":8,"column":0},"end":{"line":8,"column":27}}},"fnMap":{"0":{"name":"(anonymous_0)","decl":{"start":{"line":2,"column":18},"end":{"line":2,"column":19}},"loc":{"start":{"line":2,"column":29},"end":{"line":7,"column":1}},"line":2}},"branchMap":{},"s":{"0":2,"1":2,"2":2,"3":2,"4":2,"5":2},"f":{"0":2},"b":{},"_coverageSchema":"1a1c01bbd47fc00a2c39e90264f33305004495a9","hash":"b8a9b0a76183794d4eb62c85421d01ca2feda31f"}
,"C:\\Users\\foo\\Desktop\\SWEN_PROJ\\BE\\se-project-be-68-2-skill-issue\\controllers\\auth.js": {"path":"C:\\Users\\foo\\Desktop\\SWEN_PROJ\\BE\\se-project-be-68-2-skill-issue\\controllers\\auth.js","statementMap":{"0":{"start":{"line":6,"column":13},"end":{"line":6,"column":38}},"1":{"start":{"line":13,"column":0},"end":{"line":22,"column":2}},"2":{"start":{"line":14,"column":2},"end":{"line":21,"column":3}},"3":{"start":{"line":15,"column":62},"end":{"line":15,"column":70}},"4":{"start":{"line":16,"column":17},"end":{"line":16,"column":85}},"5":{"start":{"line":17,"column":4},"end":{"line":17,"column":38}},"6":{"start":{"line":19,"column":4},"end":{"line":19,"column":45}},"7":{"start":{"line":20,"column":4},"end":{"line":20,"column":27}},"8":{"start":{"line":29,"column":0},"end":{"line":54,"column":2}},"9":{"start":{"line":30,"column":2},"end":{"line":53,"column":3}},"10":{"start":{"line":31,"column":32},"end":{"line":31,"column":40}},"11":{"start":{"line":34,"column":4},"end":{"line":36,"column":5}},"12":{"start":{"line":35,"column":6},"end":{"line":35,"column":99}},"13":{"start":{"line":39,"column":17},"end":{"line":39,"column":66}},"14":{"start":{"line":40,"column":4},"end":{"line":42,"column":5}},"15":{"start":{"line":41,"column":6},"end":{"line":41,"column":82}},"16":{"start":{"line":45,"column":20},"end":{"line":45,"column":54}},"17":{"start":{"line":46,"column":4},"end":{"line":48,"column":5}},"18":{"start":{"line":47,"column":6},"end":{"line":47,"column":82}},"19":{"start":{"line":50,"column":4},"end":{"line":50,"column":38}},"20":{"start":{"line":52,"column":4},"end":{"line":52,"column":93}},"21":{"start":{"line":62,"column":26},"end":{"line":75,"column":1}},"22":{"start":{"line":63,"column":16},"end":{"line":63,"column":40}},"23":{"start":{"line":64,"column":18},"end":{"line":67,"column":3}},"24":{"start":{"line":70,"column":2},"end":{"line":72,"column":3}},"25":{"start":{"line":71,"column":4},"end":{"line":71,"column":26}},"26":{"start":{"line":74,"column":2},"end":{"line":74,"column":88}},"27":{"start":{"line":82,"column":0},"end":{"line":85,"column":2}},"28":{"start":{"line":83,"column":15},"end":{"line":83,"column":47}},"29":{"start":{"line":84,"column":2},"end":{"line":84,"column":54}},"30":{"start":{"line":92,"column":0},"end":{"line":98,"column":2}},"31":{"start":{"line":93,"column":2},"end":{"line":96,"column":5}},"32":{"start":{"line":97,"column":2},"end":{"line":97,"column":52}}},"fnMap":{"0":{"name":"(anonymous_0)","decl":{"start":{"line":13,"column":19},"end":{"line":13,"column":20}},"loc":{"start":{"line":13,"column":45},"end":{"line":22,"column":1}},"line":13},"1":{"name":"(anonymous_1)","decl":{"start":{"line":29,"column":16},"end":{"line":29,"column":17}},"loc":{"start":{"line":29,"column":36},"end":{"line":54,"column":1}},"line":29},"2":{"name":"(anonymous_2)","decl":{"start":{"line":62,"column":26},"end":{"line":62,"column":27}},"loc":{"start":{"line":62,"column":53},"end":{"line":75,"column":1}},"line":62},"3":{"name":"(anonymous_3)","decl":{"start":{"line":82,"column":16},"end":{"line":82,"column":17}},"loc":{"start":{"line":82,"column":42},"end":{"line":85,"column":1}},"line":82},"4":{"name":"(anonymous_4)","decl":{"start":{"line":92,"column":17},"end":{"line":92,"column":18}},"loc":{"start":{"line":92,"column":43},"end":{"line":98,"column":1}},"line":92}},"branchMap":{"0":{"loc":{"start":{"line":34,"column":4},"end":{"line":36,"column":5}},"type":"if","locations":[{"start":{"line":34,"column":4},"end":{"line":36,"column":5}},{"start":{},"end":{}}],"line":34},"1":{"loc":{"start":{"line":34,"column":8},"end":{"line":34,"column":27}},"type":"binary-expr","locations":[{"start":{"line":34,"column":8},"end":{"line":34,"column":14}},{"start":{"line":34,"column":18},"end":{"line":34,"column":27}}],"line":34},"2":{"loc":{"start":{"line":40,"column":4},"end":{"line":42,"column":5}},"type":"if","locations":[{"start":{"line":40,"column":4},"end":{"line":42,"column":5}},{"start":{},"end":{}}],"line":40},"3":{"loc":{"start":{"line":46,"column":4},"end":{"line":48,"column":5}},"type":"if","locations":[{"start":{"line":46,"column":4},"end":{"line":48,"column":5}},{"start":{},"end":{}}],"line":46},"4":{"loc":{"start":{"line":70,"column":2},"end":{"line":72,"column":3}},"type":"if","locations":[{"start":{"line":70,"column":2},"end":{"line":72,"column":3}},{"start":{},"end":{}}],"line":70}},"s":{"0":4,"1":4,"2":3,"3":3,"4":3,"5":2,"6":1,"7":1,"8":4,"9":6,"10":6,"11":6,"12":2,"13":4,"14":3,"15":1,"16":2,"17":2,"18":1,"19":1,"20":1,"21":4,"22":3,"23":3,"24":3,"25":1,"26":3,"27":4,"28":1,"29":1,"30":4,"31":1,"32":1},"f":{"0":3,"1":6,"2":3,"3":1,"4":1},"b":{"0":[2,4],"1":[6,5],"2":[1,2],"3":[1,1],"4":[1,2]},"_coverageSchema":"1a1c01bbd47fc00a2c39e90264f33305004495a9","hash":"cc44f631801fee21a8d99d42917851744ab88948"}
,"C:\\Users\\foo\\Desktop\\SWEN_PROJ\\BE\\se-project-be-68-2-skill-issue\\controllers\\blogs.js": {"path":"C:\\Users\\foo\\Desktop\\SWEN_PROJ\\BE\\se-project-be-68-2-skill-issue\\controllers\\blogs.js","statementMap":{"0":{"start":{"line":2,"column":13},"end":{"line":2,"column":41}},"1":{"start":{"line":4,"column":21},"end":{"line":4,"column":22}},"2":{"start":{"line":5,"column":22},"end":{"line":5,"column":24}},"3":{"start":{"line":7,"column":29},"end":{"line":10,"column":1}},"4":{"start":{"line":8,"column":22},"end":{"line":8,"column":41}},"5":{"start":{"line":9,"column":2},"end":{"line":9,"column":79}},"6":{"start":{"line":12,"column":20},"end":{"line":12,"column":75}},"7":{"start":{"line":12,"column":31},"end":{"line":12,"column":75}},"8":{"start":{"line":14,"column":0},"end":{"line":54,"column":2}},"9":{"start":{"line":15,"column":2},"end":{"line":53,"column":3}},"10":{"start":{"line":16,"column":20},"end":{"line":16,"column":22}},"11":{"start":{"line":17,"column":23},"end":{"line":17,"column":90}},"12":{"start":{"line":19,"column":4},"end":{"line":25,"column":5}},"13":{"start":{"line":20,"column":32},"end":{"line":20,"column":55}},"14":{"start":{"line":21,"column":6},"end":{"line":24,"column":8}},"15":{"start":{"line":27,"column":17},"end":{"line":27,"column":67}},"16":{"start":{"line":28,"column":18},"end":{"line":28,"column":70}},"17":{"start":{"line":29,"column":23},"end":{"line":29,"column":41}},"18":{"start":{"line":30,"column":18},"end":{"line":30,"column":52}},"19":{"start":{"line":32,"column":18},"end":{"line":36,"column":19}},"20":{"start":{"line":38,"column":23},"end":{"line":38,"column":65}},"21":{"start":{"line":39,"column":23},"end":{"line":39,"column":57}},"22":{"start":{"line":41,"column":4},"end":{"line":43,"column":5}},"23":{"start":{"line":42,"column":6},"end":{"line":42,"column":50}},"24":{"start":{"line":45,"column":4},"end":{"line":47,"column":5}},"25":{"start":{"line":46,"column":6},"end":{"line":46,"column":50}},"26":{"start":{"line":49,"column":4},"end":{"line":49,"column":90}},"27":{"start":{"line":51,"column":4},"end":{"line":51,"column":21}},"28":{"start":{"line":52,"column":4},"end":{"line":52,"column":74}},"29":{"start":{"line":56,"column":0},"end":{"line":67,"column":2}},"30":{"start":{"line":57,"column":2},"end":{"line":66,"column":3}},"31":{"start":{"line":58,"column":17},"end":{"line":58,"column":99}},"32":{"start":{"line":59,"column":4},"end":{"line":61,"column":5}},"33":{"start":{"line":60,"column":6},"end":{"line":60,"column":81}},"34":{"start":{"line":62,"column":4},"end":{"line":62,"column":56}},"35":{"start":{"line":64,"column":4},"end":{"line":64,"column":21}},"36":{"start":{"line":65,"column":4},"end":{"line":65,"column":74}},"37":{"start":{"line":69,"column":0},"end":{"line":96,"column":2}},"38":{"start":{"line":70,"column":2},"end":{"line":95,"column":3}},"39":{"start":{"line":72,"column":4},"end":{"line":72,"column":34}},"40":{"start":{"line":74,"column":4},"end":{"line":79,"column":11}},"41":{"start":{"line":75,"column":49},"end":{"line":79,"column":11}},"42":{"start":{"line":80,"column":4},"end":{"line":84,"column":11}},"43":{"start":{"line":80,"column":45},"end":{"line":84,"column":11}},"44":{"start":{"line":85,"column":4},"end":{"line":89,"column":11}},"45":{"start":{"line":85,"column":47},"end":{"line":89,"column":11}},"46":{"start":{"line":90,"column":15},"end":{"line":90,"column":42}},"47":{"start":{"line":91,"column":4},"end":{"line":91,"column":63}},"48":{"start":{"line":93,"column":4},"end":{"line":93,"column":21}},"49":{"start":{"line":94,"column":4},"end":{"line":94,"column":74}},"50":{"start":{"line":98,"column":0},"end":{"line":139,"column":2}},"51":{"start":{"line":99,"column":2},"end":{"line":138,"column":3}},"52":{"start":{"line":100,"column":15},"end":{"line":100,"column":49}},"53":{"start":{"line":101,"column":4},"end":{"line":103,"column":5}},"54":{"start":{"line":102,"column":6},"end":{"line":102,"column":81}},"55":{"start":{"line":105,"column":4},"end":{"line":107,"column":5}},"56":{"start":{"line":106,"column":6},"end":{"line":106,"column":101}},"57":{"start":{"line":109,"column":27},"end":{"line":109,"column":29}},"58":{"start":{"line":110,"column":4},"end":{"line":114,"column":5}},"59":{"start":{"line":111,"column":6},"end":{"line":112,"column":102}},"60":{"start":{"line":112,"column":8},"end":{"line":112,"column":102}},"61":{"start":{"line":113,"column":6},"end":{"line":113,"column":44}},"62":{"start":{"line":115,"column":4},"end":{"line":119,"column":5}},"63":{"start":{"line":116,"column":6},"end":{"line":117,"column":104}},"64":{"start":{"line":117,"column":8},"end":{"line":117,"column":104}},"65":{"start":{"line":118,"column":6},"end":{"line":118,"column":48}},"66":{"start":{"line":121,"column":4},"end":{"line":123,"column":5}},"67":{"start":{"line":122,"column":6},"end":{"line":122,"column":108}},"68":{"start":{"line":125,"column":4},"end":{"line":125,"column":33}},"69":{"start":{"line":126,"column":4},"end":{"line":126,"column":41}},"70":{"start":{"line":128,"column":4},"end":{"line":132,"column":33}},"71":{"start":{"line":134,"column":4},"end":{"line":134,"column":63}},"72":{"start":{"line":136,"column":4},"end":{"line":136,"column":21}},"73":{"start":{"line":137,"column":4},"end":{"line":137,"column":74}},"74":{"start":{"line":141,"column":0},"end":{"line":158,"column":2}},"75":{"start":{"line":142,"column":2},"end":{"line":157,"column":3}},"76":{"start":{"line":143,"column":17},"end":{"line":143,"column":51}},"77":{"start":{"line":144,"column":4},"end":{"line":146,"column":5}},"78":{"start":{"line":145,"column":6},"end":{"line":145,"column":81}},"79":{"start":{"line":148,"column":4},"end":{"line":150,"column":5}},"80":{"start":{"line":149,"column":6},"end":{"line":149,"column":101}},"81":{"start":{"line":152,"column":4},"end":{"line":152,"column":48}},"82":{"start":{"line":153,"column":4},"end":{"line":153,"column":61}},"83":{"start":{"line":155,"column":4},"end":{"line":155,"column":21}},"84":{"start":{"line":156,"column":4},"end":{"line":156,"column":74}}},"fnMap":{"0":{"name":"(anonymous_0)","decl":{"start":{"line":7,"column":29},"end":{"line":7,"column":30}},"loc":{"start":{"line":7,"column":50},"end":{"line":10,"column":1}},"line":7},"1":{"name":"(anonymous_1)","decl":{"start":{"line":12,"column":20},"end":{"line":12,"column":21}},"loc":{"start":{"line":12,"column":31},"end":{"line":12,"column":75}},"line":12},"2":{"name":"(anonymous_2)","decl":{"start":{"line":14,"column":19},"end":{"line":14,"column":20}},"loc":{"start":{"line":14,"column":45},"end":{"line":54,"column":1}},"line":14},"3":{"name":"(anonymous_3)","decl":{"start":{"line":56,"column":18},"end":{"line":56,"column":19}},"loc":{"start":{"line":56,"column":44},"end":{"line":67,"column":1}},"line":56},"4":{"name":"(anonymous_4)","decl":{"start":{"line":69,"column":18},"end":{"line":69,"column":19}},"loc":{"start":{"line":69,"column":44},"end":{"line":96,"column":1}},"line":69},"5":{"name":"(anonymous_5)","decl":{"start":{"line":98,"column":21},"end":{"line":98,"column":22}},"loc":{"start":{"line":98,"column":47},"end":{"line":139,"column":1}},"line":98},"6":{"name":"(anonymous_6)","decl":{"start":{"line":141,"column":21},"end":{"line":141,"column":22}},"loc":{"start":{"line":141,"column":47},"end":{"line":158,"column":1}},"line":141}},"branchMap":{"0":{"loc":{"start":{"line":9,"column":9},"end":{"line":9,"column":78}},"type":"cond-expr","locations":[{"start":{"line":9,"column":56},"end":{"line":9,"column":64}},{"start":{"line":9,"column":67},"end":{"line":9,"column":78}}],"line":9},"1":{"loc":{"start":{"line":9,"column":9},"end":{"line":9,"column":53}},"type":"binary-expr","locations":[{"start":{"line":9,"column":9},"end":{"line":9,"column":34}},{"start":{"line":9,"column":38},"end":{"line":9,"column":53}}],"line":9},"2":{"loc":{"start":{"line":17,"column":23},"end":{"line":17,"column":90}},"type":"cond-expr","locations":[{"start":{"line":17,"column":62},"end":{"line":17,"column":85}},{"start":{"line":17,"column":88},"end":{"line":17,"column":90}}],"line":17},"3":{"loc":{"start":{"line":19,"column":4},"end":{"line":25,"column":5}},"type":"if","locations":[{"start":{"line":19,"column":4},"end":{"line":25,"column":5}},{"start":{},"end":{}}],"line":19},"4":{"loc":{"start":{"line":38,"column":23},"end":{"line":38,"column":65}},"type":"cond-expr","locations":[{"start":{"line":38,"column":37},"end":{"line":38,"column":38}},{"start":{"line":38,"column":41},"end":{"line":38,"column":65}}],"line":38},"5":{"loc":{"start":{"line":41,"column":4},"end":{"line":43,"column":5}},"type":"if","locations":[{"start":{"line":41,"column":4},"end":{"line":43,"column":5}},{"start":{},"end":{}}],"line":41},"6":{"loc":{"start":{"line":45,"column":4},"end":{"line":47,"column":5}},"type":"if","locations":[{"start":{"line":45,"column":4},"end":{"line":47,"column":5}},{"start":{},"end":{}}],"line":45},"7":{"loc":{"start":{"line":45,"column":8},"end":{"line":45,"column":35}},"type":"binary-expr","locations":[{"start":{"line":45,"column":8},"end":{"line":45,"column":22}},{"start":{"line":45,"column":26},"end":{"line":45,"column":35}}],"line":45},"8":{"loc":{"start":{"line":59,"column":4},"end":{"line":61,"column":5}},"type":"if","locations":[{"start":{"line":59,"column":4},"end":{"line":61,"column":5}},{"start":{},"end":{}}],"line":59},"9":{"loc":{"start":{"line":74,"column":4},"end":{"line":79,"column":11}},"type":"if","locations":[{"start":{"line":74,"column":4},"end":{"line":79,"column":11}},{"start":{},"end":{}}],"line":74},"10":{"loc":{"start":{"line":74,"column":7},"end":{"line":75,"column":48}},"type":"binary-expr","locations":[{"start":{"line":74,"column":7},"end":{"line":74,"column":44}},{"start":{"line":75,"column":9},"end":{"line":75,"column":48}}],"line":74},"11":{"loc":{"start":{"line":80,"column":4},"end":{"line":84,"column":11}},"type":"if","locations":[{"start":{"line":80,"column":4},"end":{"line":84,"column":11}},{"start":{},"end":{}}],"line":80},"12":{"loc":{"start":{"line":85,"column":4},"end":{"line":89,"column":11}},"type":"if","locations":[{"start":{"line":85,"column":4},"end":{"line":89,"column":11}},{"start":{},"end":{}}],"line":85},"13":{"loc":{"start":{"line":101,"column":4},"end":{"line":103,"column":5}},"type":"if","locations":[{"start":{"line":101,"column":4},"end":{"line":103,"column":5}},{"start":{},"end":{}}],"line":101},"14":{"loc":{"start":{"line":105,"column":4},"end":{"line":107,"column":5}},"type":"if","locations":[{"start":{"line":105,"column":4},"end":{"line":107,"column":5}},{"start":{},"end":{}}],"line":105},"15":{"loc":{"start":{"line":105,"column":8},"end":{"line":105,"column":75}},"type":"binary-expr","locations":[{"start":{"line":105,"column":8},"end":{"line":105,"column":46}},{"start":{"line":105,"column":50},"end":{"line":105,"column":75}}],"line":105},"16":{"loc":{"start":{"line":110,"column":4},"end":{"line":114,"column":5}},"type":"if","locations":[{"start":{"line":110,"column":4},"end":{"line":114,"column":5}},{"start":{},"end":{}}],"line":110},"17":{"loc":{"start":{"line":111,"column":6},"end":{"line":112,"column":102}},"type":"if","locations":[{"start":{"line":111,"column":6},"end":{"line":112,"column":102}},{"start":{},"end":{}}],"line":111},"18":{"loc":{"start":{"line":115,"column":4},"end":{"line":119,"column":5}},"type":"if","locations":[{"start":{"line":115,"column":4},"end":{"line":119,"column":5}},{"start":{},"end":{}}],"line":115},"19":{"loc":{"start":{"line":116,"column":6},"end":{"line":117,"column":104}},"type":"if","locations":[{"start":{"line":116,"column":6},"end":{"line":117,"column":104}},{"start":{},"end":{}}],"line":116},"20":{"loc":{"start":{"line":121,"column":4},"end":{"line":123,"column":5}},"type":"if","locations":[{"start":{"line":121,"column":4},"end":{"line":123,"column":5}},{"start":{},"end":{}}],"line":121},"21":{"loc":{"start":{"line":144,"column":4},"end":{"line":146,"column":5}},"type":"if","locations":[{"start":{"line":144,"column":4},"end":{"line":146,"column":5}},{"start":{},"end":{}}],"line":144},"22":{"loc":{"start":{"line":148,"column":4},"end":{"line":150,"column":5}},"type":"if","locations":[{"start":{"line":148,"column":4},"end":{"line":150,"column":5}},{"start":{},"end":{}}],"line":148},"23":{"loc":{"start":{"line":148,"column":8},"end":{"line":148,"column":75}},"type":"binary-expr","locations":[{"start":{"line":148,"column":8},"end":{"line":148,"column":46}},{"start":{"line":148,"column":50},"end":{"line":148,"column":75}}],"line":148}},"s":{"0":4,"1":4,"2":4,"3":4,"4":8,"5":8,"6":4,"7":2,"8":4,"9":4,"10":4,"11":4,"12":4,"13":2,"14":2,"15":4,"16":4,"17":4,"18":4,"19":4,"20":3,"21":3,"22":3,"23":1,"24":3,"25":1,"26":3,"27":1,"28":1,"29":4,"30":3,"31":3,"32":2,"33":1,"34":1,"35":1,"36":1,"37":4,"38":6,"39":6,"40":6,"41":2,"42":4,"43":1,"44":3,"45":1,"46":2,"47":1,"48":1,"49":1,"50":4,"51":7,"52":7,"53":6,"54":1,"55":5,"56":1,"57":4,"58":4,"59":2,"60":1,"61":1,"62":3,"63":2,"64":1,"65":1,"66":2,"67":1,"68":1,"69":1,"70":1,"71":1,"72":1,"73":1,"74":4,"75":4,"76":4,"77":3,"78":1,"79":2,"80":1,"81":1,"82":1,"83":1,"84":1},"f":{"0":8,"1":2,"2":4,"3":3,"4":6,"5":7,"6":4},"b":{"0":[6,2],"1":[8,3],"2":[2,2],"3":[2,2],"4":[1,2],"5":[1,2],"6":[1,2],"7":[3,1],"8":[1,1],"9":[2,4],"10":[6,5],"11":[1,3],"12":[1,2],"13":[1,5],"14":[1,4],"15":[5,1],"16":[2,2],"17":[1,1],"18":[2,1],"19":[1,1],"20":[1,1],"21":[1,2],"22":[1,1],"23":[2,1]},"_coverageSchema":"1a1c01bbd47fc00a2c39e90264f33305004495a9","hash":"77f78abf10a311b232bd859ce5ae8046a96c4308"}
,"C:\\Users\\foo\\Desktop\\SWEN_PROJ\\BE\\se-project-be-68-2-skill-issue\\controllers\\bookings.js": {"path":"C:\\Users\\foo\\Desktop\\SWEN_PROJ\\BE\\se-project-be-68-2-skill-issue\\controllers\\bookings.js","statementMap":{"0":{"start":{"line":6,"column":16},"end":{"line":6,"column":44}},"1":{"start":{"line":7,"column":16},"end":{"line":7,"column":44}},"2":{"start":{"line":10,"column":17},"end":{"line":10,"column":49}},"3":{"start":{"line":11,"column":17},"end":{"line":11,"column":49}},"4":{"start":{"line":14,"column":30},"end":{"line":14,"column":31}},"5":{"start":{"line":22,"column":0},"end":{"line":51,"column":2}},"6":{"start":{"line":25,"column":2},"end":{"line":42,"column":3}},"7":{"start":{"line":27,"column":4},"end":{"line":29,"column":56}},"8":{"start":{"line":31,"column":4},"end":{"line":41,"column":5}},"9":{"start":{"line":33,"column":6},"end":{"line":35,"column":58}},"10":{"start":{"line":38,"column":6},"end":{"line":40,"column":58}},"11":{"start":{"line":44,"column":2},"end":{"line":50,"column":3}},"12":{"start":{"line":45,"column":21},"end":{"line":45,"column":32}},"13":{"start":{"line":46,"column":4},"end":{"line":46,"column":84}},"14":{"start":{"line":48,"column":4},"end":{"line":48,"column":21}},"15":{"start":{"line":49,"column":4},"end":{"line":49,"column":85}},"16":{"start":{"line":58,"column":0},"end":{"line":78,"column":2}},"17":{"start":{"line":59,"column":2},"end":{"line":77,"column":3}},"18":{"start":{"line":60,"column":20},"end":{"line":62,"column":55}},"19":{"start":{"line":64,"column":4},"end":{"line":66,"column":5}},"20":{"start":{"line":65,"column":6},"end":{"line":65,"column":109}},"21":{"start":{"line":69,"column":4},"end":{"line":71,"column":5}},"22":{"start":{"line":70,"column":6},"end":{"line":70,"column":125}},"23":{"start":{"line":73,"column":4},"end":{"line":73,"column":59}},"24":{"start":{"line":75,"column":4},"end":{"line":75,"column":23}},"25":{"start":{"line":76,"column":4},"end":{"line":76,"column":84}},"26":{"start":{"line":85,"column":0},"end":{"line":130,"column":2}},"27":{"start":{"line":86,"column":2},"end":{"line":129,"column":3}},"28":{"start":{"line":87,"column":4},"end":{"line":87,"column":32}},"29":{"start":{"line":88,"column":4},"end":{"line":88,"column":37}},"30":{"start":{"line":91,"column":4},"end":{"line":96,"column":5}},"31":{"start":{"line":92,"column":6},"end":{"line":95,"column":9}},"32":{"start":{"line":98,"column":4},"end":{"line":98,"column":72}},"33":{"start":{"line":99,"column":24},"end":{"line":99,"column":54}},"34":{"start":{"line":102,"column":4},"end":{"line":107,"column":5}},"35":{"start":{"line":103,"column":6},"end":{"line":106,"column":9}},"36":{"start":{"line":110,"column":28},"end":{"line":110,"column":69}},"37":{"start":{"line":111,"column":4},"end":{"line":116,"column":5}},"38":{"start":{"line":112,"column":6},"end":{"line":115,"column":9}},"39":{"start":{"line":119,"column":20},"end":{"line":119,"column":57}},"40":{"start":{"line":120,"column":4},"end":{"line":122,"column":5}},"41":{"start":{"line":121,"column":6},"end":{"line":121,"column":109}},"42":{"start":{"line":124,"column":20},"end":{"line":124,"column":50}},"43":{"start":{"line":125,"column":4},"end":{"line":125,"column":59}},"44":{"start":{"line":127,"column":4},"end":{"line":127,"column":23}},"45":{"start":{"line":128,"column":4},"end":{"line":128,"column":86}},"46":{"start":{"line":137,"column":0},"end":{"line":172,"column":2}},"47":{"start":{"line":138,"column":2},"end":{"line":171,"column":3}},"48":{"start":{"line":139,"column":18},"end":{"line":139,"column":55}},"49":{"start":{"line":140,"column":4},"end":{"line":142,"column":5}},"50":{"start":{"line":141,"column":6},"end":{"line":141,"column":109}},"51":{"start":{"line":145,"column":4},"end":{"line":147,"column":5}},"52":{"start":{"line":146,"column":6},"end":{"line":146,"column":127}},"53":{"start":{"line":150,"column":4},"end":{"line":164,"column":5}},"54":{"start":{"line":151,"column":6},"end":{"line":156,"column":7}},"55":{"start":{"line":152,"column":8},"end":{"line":155,"column":11}},"56":{"start":{"line":157,"column":26},"end":{"line":157,"column":56}},"57":{"start":{"line":158,"column":6},"end":{"line":163,"column":7}},"58":{"start":{"line":159,"column":8},"end":{"line":162,"column":11}},"59":{"start":{"line":166,"column":4},"end":{"line":166,"column":107}},"60":{"start":{"line":167,"column":4},"end":{"line":167,"column":59}},"61":{"start":{"line":169,"column":4},"end":{"line":169,"column":23}},"62":{"start":{"line":170,"column":4},"end":{"line":170,"column":86}},"63":{"start":{"line":179,"column":0},"end":{"line":197,"column":2}},"64":{"start":{"line":180,"column":2},"end":{"line":196,"column":3}},"65":{"start":{"line":181,"column":20},"end":{"line":181,"column":57}},"66":{"start":{"line":182,"column":4},"end":{"line":184,"column":5}},"67":{"start":{"line":183,"column":6},"end":{"line":183,"column":109}},"68":{"start":{"line":187,"column":4},"end":{"line":189,"column":5}},"69":{"start":{"line":188,"column":6},"end":{"line":188,"column":127}},"70":{"start":{"line":191,"column":4},"end":{"line":191,"column":30}},"71":{"start":{"line":192,"column":4},"end":{"line":192,"column":54}},"72":{"start":{"line":194,"column":4},"end":{"line":194,"column":23}},"73":{"start":{"line":195,"column":4},"end":{"line":195,"column":86}}},"fnMap":{"0":{"name":"(anonymous_0)","decl":{"start":{"line":22,"column":22},"end":{"line":22,"column":23}},"loc":{"start":{"line":22,"column":48},"end":{"line":51,"column":1}},"line":22},"1":{"name":"(anonymous_1)","decl":{"start":{"line":58,"column":21},"end":{"line":58,"column":22}},"loc":{"start":{"line":58,"column":47},"end":{"line":78,"column":1}},"line":58},"2":{"name":"(anonymous_2)","decl":{"start":{"line":85,"column":21},"end":{"line":85,"column":22}},"loc":{"start":{"line":85,"column":47},"end":{"line":130,"column":1}},"line":85},"3":{"name":"(anonymous_3)","decl":{"start":{"line":137,"column":24},"end":{"line":137,"column":25}},"loc":{"start":{"line":137,"column":50},"end":{"line":172,"column":1}},"line":137},"4":{"name":"(anonymous_4)","decl":{"start":{"line":179,"column":24},"end":{"line":179,"column":25}},"loc":{"start":{"line":179,"column":50},"end":{"line":197,"column":1}},"line":179}},"branchMap":{"0":{"loc":{"start":{"line":25,"column":2},"end":{"line":42,"column":3}},"type":"if","locations":[{"start":{"line":25,"column":2},"end":{"line":42,"column":3}},{"start":{"line":30,"column":9},"end":{"line":42,"column":3}}],"line":25},"1":{"loc":{"start":{"line":31,"column":4},"end":{"line":41,"column":5}},"type":"if","locations":[{"start":{"line":31,"column":4},"end":{"line":41,"column":5}},{"start":{"line":36,"column":11},"end":{"line":41,"column":5}}],"line":31},"2":{"loc":{"start":{"line":64,"column":4},"end":{"line":66,"column":5}},"type":"if","locations":[{"start":{"line":64,"column":4},"end":{"line":66,"column":5}},{"start":{},"end":{}}],"line":64},"3":{"loc":{"start":{"line":69,"column":4},"end":{"line":71,"column":5}},"type":"if","locations":[{"start":{"line":69,"column":4},"end":{"line":71,"column":5}},{"start":{},"end":{}}],"line":69},"4":{"loc":{"start":{"line":69,"column":8},"end":{"line":69,"column":76}},"type":"binary-expr","locations":[{"start":{"line":69,"column":8},"end":{"line":69,"column":47}},{"start":{"line":69,"column":51},"end":{"line":69,"column":76}}],"line":69},"5":{"loc":{"start":{"line":91,"column":4},"end":{"line":96,"column":5}},"type":"if","locations":[{"start":{"line":91,"column":4},"end":{"line":96,"column":5}},{"start":{},"end":{}}],"line":91},"6":{"loc":{"start":{"line":91,"column":8},"end":{"line":91,"column":72}},"type":"binary-expr","locations":[{"start":{"line":91,"column":8},"end":{"line":91,"column":29}},{"start":{"line":91,"column":33},"end":{"line":91,"column":72}}],"line":91},"7":{"loc":{"start":{"line":102,"column":4},"end":{"line":107,"column":5}},"type":"if","locations":[{"start":{"line":102,"column":4},"end":{"line":107,"column":5}},{"start":{},"end":{}}],"line":102},"8":{"loc":{"start":{"line":102,"column":8},"end":{"line":102,"column":57}},"type":"binary-expr","locations":[{"start":{"line":102,"column":8},"end":{"line":102,"column":30}},{"start":{"line":102,"column":34},"end":{"line":102,"column":57}}],"line":102},"9":{"loc":{"start":{"line":111,"column":4},"end":{"line":116,"column":5}},"type":"if","locations":[{"start":{"line":111,"column":4},"end":{"line":116,"column":5}},{"start":{},"end":{}}],"line":111},"10":{"loc":{"start":{"line":111,"column":8},"end":{"line":111,"column":84}},"type":"binary-expr","locations":[{"start":{"line":111,"column":8},"end":{"line":111,"column":55}},{"start":{"line":111,"column":59},"end":{"line":111,"column":84}}],"line":111},"11":{"loc":{"start":{"line":120,"column":4},"end":{"line":122,"column":5}},"type":"if","locations":[{"start":{"line":120,"column":4},"end":{"line":122,"column":5}},{"start":{},"end":{}}],"line":120},"12":{"loc":{"start":{"line":140,"column":4},"end":{"line":142,"column":5}},"type":"if","locations":[{"start":{"line":140,"column":4},"end":{"line":142,"column":5}},{"start":{},"end":{}}],"line":140},"13":{"loc":{"start":{"line":145,"column":4},"end":{"line":147,"column":5}},"type":"if","locations":[{"start":{"line":145,"column":4},"end":{"line":147,"column":5}},{"start":{},"end":{}}],"line":145},"14":{"loc":{"start":{"line":145,"column":8},"end":{"line":145,"column":76}},"type":"binary-expr","locations":[{"start":{"line":145,"column":8},"end":{"line":145,"column":47}},{"start":{"line":145,"column":51},"end":{"line":145,"column":76}}],"line":145},"15":{"loc":{"start":{"line":150,"column":4},"end":{"line":164,"column":5}},"type":"if","locations":[{"start":{"line":150,"column":4},"end":{"line":164,"column":5}},{"start":{},"end":{}}],"line":150},"16":{"loc":{"start":{"line":151,"column":6},"end":{"line":156,"column":7}},"type":"if","locations":[{"start":{"line":151,"column":6},"end":{"line":156,"column":7}},{"start":{},"end":{}}],"line":151},"17":{"loc":{"start":{"line":158,"column":6},"end":{"line":163,"column":7}},"type":"if","locations":[{"start":{"line":158,"column":6},"end":{"line":163,"column":7}},{"start":{},"end":{}}],"line":158},"18":{"loc":{"start":{"line":158,"column":10},"end":{"line":158,"column":58}},"type":"binary-expr","locations":[{"start":{"line":158,"column":10},"end":{"line":158,"column":32}},{"start":{"line":158,"column":36},"end":{"line":158,"column":58}}],"line":158},"19":{"loc":{"start":{"line":182,"column":4},"end":{"line":184,"column":5}},"type":"if","locations":[{"start":{"line":182,"column":4},"end":{"line":184,"column":5}},{"start":{},"end":{}}],"line":182},"20":{"loc":{"start":{"line":187,"column":4},"end":{"line":189,"column":5}},"type":"if","locations":[{"start":{"line":187,"column":4},"end":{"line":189,"column":5}},{"start":{},"end":{}}],"line":187},"21":{"loc":{"start":{"line":187,"column":8},"end":{"line":187,"column":76}},"type":"binary-expr","locations":[{"start":{"line":187,"column":8},"end":{"line":187,"column":47}},{"start":{"line":187,"column":51},"end":{"line":187,"column":76}}],"line":187}},"s":{"0":4,"1":4,"2":4,"3":4,"4":4,"5":4,"6":4,"7":2,"8":2,"9":1,"10":1,"11":4,"12":4,"13":3,"14":1,"15":1,"16":4,"17":5,"18":5,"19":4,"20":1,"21":3,"22":1,"23":2,"24":1,"25":1,"26":4,"27":9,"28":9,"29":9,"30":9,"31":2,"32":7,"33":7,"34":7,"35":2,"36":5,"37":5,"38":1,"39":4,"40":4,"41":1,"42":3,"43":2,"44":1,"45":1,"46":4,"47":8,"48":8,"49":7,"50":1,"51":6,"52":1,"53":5,"54":3,"55":1,"56":2,"57":2,"58":1,"59":3,"60":3,"61":1,"62":1,"63":4,"64":5,"65":5,"66":4,"67":1,"68":3,"69":1,"70":2,"71":2,"72":1,"73":1},"f":{"0":4,"1":5,"2":9,"3":8,"4":5},"b":{"0":[2,2],"1":[1,1],"2":[1,3],"3":[1,2],"4":[3,2],"5":[2,7],"6":[9,8],"7":[2,5],"8":[7,6],"9":[1,4],"10":[5,2],"11":[1,3],"12":[1,6],"13":[1,5],"14":[6,2],"15":[3,2],"16":[1,2],"17":[1,1],"18":[2,2],"19":[1,3],"20":[1,2],"21":[3,2]},"_coverageSchema":"1a1c01bbd47fc00a2c39e90264f33305004495a9","hash":"f72342a09ca35a8ef89e10c5c418d6819137f119"}
,"C:\\Users\\foo\\Desktop\\SWEN_PROJ\\BE\\se-project-be-68-2-skill-issue\\controllers\\comments.js": {"path":"C:\\Users\\foo\\Desktop\\SWEN_PROJ\\BE\\se-project-be-68-2-skill-issue\\controllers\\comments.js","statementMap":{"0":{"start":{"line":1,"column":16},"end":{"line":1,"column":47}},"1":{"start":{"line":3,"column":0},"end":{"line":12,"column":2}},"2":{"start":{"line":4,"column":2},"end":{"line":11,"column":3}},"3":{"start":{"line":5,"column":18},"end":{"line":5,"column":105}},"4":{"start":{"line":6,"column":21},"end":{"line":6,"column":32}},"5":{"start":{"line":7,"column":4},"end":{"line":7,"column":84}},"6":{"start":{"line":9,"column":4},"end":{"line":9,"column":21}},"7":{"start":{"line":10,"column":4},"end":{"line":10,"column":74}},"8":{"start":{"line":14,"column":0},"end":{"line":45,"column":2}},"9":{"start":{"line":15,"column":2},"end":{"line":44,"column":3}},"10":{"start":{"line":17,"column":4},"end":{"line":17,"column":34}},"11":{"start":{"line":18,"column":4},"end":{"line":18,"column":34}},"12":{"start":{"line":19,"column":4},"end":{"line":24,"column":11}},"13":{"start":{"line":20,"column":48},"end":{"line":24,"column":11}},"14":{"start":{"line":26,"column":4},"end":{"line":31,"column":11}},"15":{"start":{"line":27,"column":6},"end":{"line":31,"column":11}},"16":{"start":{"line":32,"column":4},"end":{"line":37,"column":8}},"17":{"start":{"line":32,"column":43},"end":{"line":37,"column":8}},"18":{"start":{"line":39,"column":18},"end":{"line":39,"column":48}},"19":{"start":{"line":40,"column":4},"end":{"line":40,"column":66}},"20":{"start":{"line":42,"column":4},"end":{"line":42,"column":21}},"21":{"start":{"line":43,"column":4},"end":{"line":43,"column":74}},"22":{"start":{"line":47,"column":0},"end":{"line":58,"column":2}},"23":{"start":{"line":48,"column":2},"end":{"line":57,"column":3}},"24":{"start":{"line":49,"column":20},"end":{"line":49,"column":91}},"25":{"start":{"line":50,"column":4},"end":{"line":52,"column":5}},"26":{"start":{"line":51,"column":6},"end":{"line":51,"column":84}},"27":{"start":{"line":53,"column":4},"end":{"line":53,"column":66}},"28":{"start":{"line":55,"column":4},"end":{"line":55,"column":21}},"29":{"start":{"line":56,"column":4},"end":{"line":56,"column":74}},"30":{"start":{"line":60,"column":0},"end":{"line":89,"column":2}},"31":{"start":{"line":61,"column":2},"end":{"line":88,"column":3}},"32":{"start":{"line":62,"column":18},"end":{"line":62,"column":62}},"33":{"start":{"line":63,"column":4},"end":{"line":65,"column":5}},"34":{"start":{"line":64,"column":6},"end":{"line":64,"column":84}},"35":{"start":{"line":67,"column":4},"end":{"line":69,"column":5}},"36":{"start":{"line":68,"column":6},"end":{"line":68,"column":104}},"37":{"start":{"line":71,"column":4},"end":{"line":73,"column":5}},"38":{"start":{"line":72,"column":6},"end":{"line":72,"column":96}},"39":{"start":{"line":74,"column":4},"end":{"line":76,"column":5}},"40":{"start":{"line":75,"column":6},"end":{"line":75,"column":91}},"41":{"start":{"line":78,"column":4},"end":{"line":82,"column":33}},"42":{"start":{"line":84,"column":4},"end":{"line":84,"column":66}},"43":{"start":{"line":86,"column":4},"end":{"line":86,"column":21}},"44":{"start":{"line":87,"column":4},"end":{"line":87,"column":74}},"45":{"start":{"line":91,"column":0},"end":{"line":108,"column":2}},"46":{"start":{"line":92,"column":2},"end":{"line":107,"column":3}},"47":{"start":{"line":93,"column":20},"end":{"line":93,"column":64}},"48":{"start":{"line":94,"column":4},"end":{"line":96,"column":5}},"49":{"start":{"line":95,"column":6},"end":{"line":95,"column":84}},"50":{"start":{"line":98,"column":4},"end":{"line":100,"column":5}},"51":{"start":{"line":99,"column":6},"end":{"line":99,"column":104}},"52":{"start":{"line":102,"column":4},"end":{"line":102,"column":58}},"53":{"start":{"line":103,"column":4},"end":{"line":103,"column":61}},"54":{"start":{"line":105,"column":4},"end":{"line":105,"column":21}},"55":{"start":{"line":106,"column":4},"end":{"line":106,"column":74}}},"fnMap":{"0":{"name":"(anonymous_0)","decl":{"start":{"line":3,"column":22},"end":{"line":3,"column":23}},"loc":{"start":{"line":3,"column":48},"end":{"line":12,"column":1}},"line":3},"1":{"name":"(anonymous_1)","decl":{"start":{"line":14,"column":21},"end":{"line":14,"column":22}},"loc":{"start":{"line":14,"column":47},"end":{"line":45,"column":1}},"line":14},"2":{"name":"(anonymous_2)","decl":{"start":{"line":47,"column":21},"end":{"line":47,"column":22}},"loc":{"start":{"line":47,"column":47},"end":{"line":58,"column":1}},"line":47},"3":{"name":"(anonymous_3)","decl":{"start":{"line":60,"column":24},"end":{"line":60,"column":25}},"loc":{"start":{"line":60,"column":50},"end":{"line":89,"column":1}},"line":60},"4":{"name":"(anonymous_4)","decl":{"start":{"line":91,"column":24},"end":{"line":91,"column":25}},"loc":{"start":{"line":91,"column":50},"end":{"line":108,"column":1}},"line":91}},"branchMap":{"0":{"loc":{"start":{"line":19,"column":4},"end":{"line":24,"column":11}},"type":"if","locations":[{"start":{"line":19,"column":4},"end":{"line":24,"column":11}},{"start":{},"end":{}}],"line":19},"1":{"loc":{"start":{"line":19,"column":7},"end":{"line":20,"column":47}},"type":"binary-expr","locations":[{"start":{"line":19,"column":7},"end":{"line":19,"column":43}},{"start":{"line":20,"column":9},"end":{"line":20,"column":47}}],"line":19},"2":{"loc":{"start":{"line":26,"column":4},"end":{"line":31,"column":11}},"type":"if","locations":[{"start":{"line":26,"column":4},"end":{"line":31,"column":11}},{"start":{},"end":{}}],"line":26},"3":{"loc":{"start":{"line":32,"column":4},"end":{"line":37,"column":8}},"type":"if","locations":[{"start":{"line":32,"column":4},"end":{"line":37,"column":8}},{"start":{},"end":{}}],"line":32},"4":{"loc":{"start":{"line":50,"column":4},"end":{"line":52,"column":5}},"type":"if","locations":[{"start":{"line":50,"column":4},"end":{"line":52,"column":5}},{"start":{},"end":{}}],"line":50},"5":{"loc":{"start":{"line":63,"column":4},"end":{"line":65,"column":5}},"type":"if","locations":[{"start":{"line":63,"column":4},"end":{"line":65,"column":5}},{"start":{},"end":{}}],"line":63},"6":{"loc":{"start":{"line":67,"column":4},"end":{"line":69,"column":5}},"type":"if","locations":[{"start":{"line":67,"column":4},"end":{"line":69,"column":5}},{"start":{},"end":{}}],"line":67},"7":{"loc":{"start":{"line":67,"column":8},"end":{"line":67,"column":78}},"type":"binary-expr","locations":[{"start":{"line":67,"column":8},"end":{"line":67,"column":49}},{"start":{"line":67,"column":53},"end":{"line":67,"column":78}}],"line":67},"8":{"loc":{"start":{"line":71,"column":4},"end":{"line":73,"column":5}},"type":"if","locations":[{"start":{"line":71,"column":4},"end":{"line":73,"column":5}},{"start":{},"end":{}}],"line":71},"9":{"loc":{"start":{"line":74,"column":4},"end":{"line":76,"column":5}},"type":"if","locations":[{"start":{"line":74,"column":4},"end":{"line":76,"column":5}},{"start":{},"end":{}}],"line":74},"10":{"loc":{"start":{"line":94,"column":4},"end":{"line":96,"column":5}},"type":"if","locations":[{"start":{"line":94,"column":4},"end":{"line":96,"column":5}},{"start":{},"end":{}}],"line":94},"11":{"loc":{"start":{"line":98,"column":4},"end":{"line":100,"column":5}},"type":"if","locations":[{"start":{"line":98,"column":4},"end":{"line":100,"column":5}},{"start":{},"end":{}}],"line":98},"12":{"loc":{"start":{"line":98,"column":8},"end":{"line":98,"column":78}},"type":"binary-expr","locations":[{"start":{"line":98,"column":8},"end":{"line":98,"column":49}},{"start":{"line":98,"column":53},"end":{"line":98,"column":78}}],"line":98}},"s":{"0":4,"1":4,"2":2,"3":2,"4":2,"5":1,"6":1,"7":1,"8":4,"9":5,"10":5,"11":5,"12":5,"13":1,"14":4,"15":1,"16":3,"17":1,"18":2,"19":1,"20":1,"21":1,"22":4,"23":3,"24":3,"25":2,"26":1,"27":1,"28":1,"29":1,"30":4,"31":6,"32":6,"33":5,"34":1,"35":4,"36":1,"37":3,"38":1,"39":2,"40":1,"41":1,"42":1,"43":1,"44":1,"45":4,"46":4,"47":4,"48":3,"49":1,"50":2,"51":1,"52":1,"53":1,"54":1,"55":1},"f":{"0":2,"1":5,"2":3,"3":6,"4":4},"b":{"0":[1,4],"1":[5,4],"2":[1,3],"3":[1,2],"4":[1,1],"5":[1,4],"6":[1,3],"7":[4,1],"8":[1,2],"9":[1,1],"10":[1,2],"11":[1,1],"12":[2,1]},"_coverageSchema":"1a1c01bbd47fc00a2c39e90264f33305004495a9","hash":"6e33f740b46b6d98996c058a55fbad3b8a8ade69"}
,"C:\\Users\\foo\\Desktop\\SWEN_PROJ\\BE\\se-project-be-68-2-skill-issue\\controllers\\companies.js": {"path":"C:\\Users\\foo\\Desktop\\SWEN_PROJ\\BE\\se-project-be-68-2-skill-issue\\controllers\\companies.js","statementMap":{"0":{"start":{"line":6,"column":16},"end":{"line":6,"column":47}},"1":{"start":{"line":7,"column":16},"end":{"line":7,"column":47}},"2":{"start":{"line":8,"column":16},"end":{"line":8,"column":46}},"3":{"start":{"line":15,"column":0},"end":{"line":63,"column":2}},"4":{"start":{"line":19,"column":19},"end":{"line":19,"column":35}},"5":{"start":{"line":20,"column":23},"end":{"line":20,"column":58}},"6":{"start":{"line":21,"column":2},"end":{"line":21,"column":56}},"7":{"start":{"line":21,"column":32},"end":{"line":21,"column":54}},"8":{"start":{"line":24,"column":17},"end":{"line":24,"column":41}},"9":{"start":{"line":25,"column":2},"end":{"line":25,"column":79}},"10":{"start":{"line":25,"column":66},"end":{"line":25,"column":77}},"11":{"start":{"line":27,"column":2},"end":{"line":27,"column":66}},"12":{"start":{"line":30,"column":2},"end":{"line":33,"column":3}},"13":{"start":{"line":31,"column":19},"end":{"line":31,"column":56}},"14":{"start":{"line":32,"column":4},"end":{"line":32,"column":33}},"15":{"start":{"line":36,"column":2},"end":{"line":41,"column":3}},"16":{"start":{"line":37,"column":19},"end":{"line":37,"column":54}},"17":{"start":{"line":38,"column":4},"end":{"line":38,"column":31}},"18":{"start":{"line":40,"column":4},"end":{"line":40,"column":37}},"19":{"start":{"line":44,"column":15},"end":{"line":44,"column":48}},"20":{"start":{"line":45,"column":16},"end":{"line":45,"column":51}},"21":{"start":{"line":46,"column":21},"end":{"line":46,"column":39}},"22":{"start":{"line":47,"column":19},"end":{"line":47,"column":31}},"23":{"start":{"line":49,"column":2},"end":{"line":62,"column":3}},"24":{"start":{"line":50,"column":18},"end":{"line":50,"column":48}},"25":{"start":{"line":51,"column":4},"end":{"line":51,"column":48}},"26":{"start":{"line":52,"column":22},"end":{"line":52,"column":33}},"27":{"start":{"line":55,"column":23},"end":{"line":55,"column":25}},"28":{"start":{"line":56,"column":4},"end":{"line":56,"column":70}},"29":{"start":{"line":56,"column":26},"end":{"line":56,"column":70}},"30":{"start":{"line":57,"column":4},"end":{"line":57,"column":68}},"31":{"start":{"line":57,"column":24},"end":{"line":57,"column":68}},"32":{"start":{"line":59,"column":4},"end":{"line":59,"column":98}},"33":{"start":{"line":61,"column":4},"end":{"line":61,"column":45}},"34":{"start":{"line":70,"column":0},"end":{"line":80,"column":2}},"35":{"start":{"line":71,"column":2},"end":{"line":79,"column":3}},"36":{"start":{"line":72,"column":20},"end":{"line":72,"column":57}},"37":{"start":{"line":73,"column":4},"end":{"line":75,"column":5}},"38":{"start":{"line":74,"column":6},"end":{"line":74,"column":54}},"39":{"start":{"line":76,"column":4},"end":{"line":76,"column":59}},"40":{"start":{"line":78,"column":4},"end":{"line":78,"column":45}},"41":{"start":{"line":87,"column":0},"end":{"line":95,"column":2}},"42":{"start":{"line":88,"column":2},"end":{"line":94,"column":3}},"43":{"start":{"line":89,"column":20},"end":{"line":89,"column":50}},"44":{"start":{"line":90,"column":4},"end":{"line":90,"column":59}},"45":{"start":{"line":92,"column":4},"end":{"line":92,"column":21}},"46":{"start":{"line":93,"column":4},"end":{"line":93,"column":67}},"47":{"start":{"line":102,"column":0},"end":{"line":115,"column":2}},"48":{"start":{"line":103,"column":2},"end":{"line":114,"column":3}},"49":{"start":{"line":104,"column":20},"end":{"line":107,"column":6}},"50":{"start":{"line":108,"column":4},"end":{"line":110,"column":5}},"51":{"start":{"line":109,"column":6},"end":{"line":109,"column":54}},"52":{"start":{"line":111,"column":4},"end":{"line":111,"column":59}},"53":{"start":{"line":113,"column":4},"end":{"line":113,"column":45}},"54":{"start":{"line":122,"column":0},"end":{"line":139,"column":2}},"55":{"start":{"line":123,"column":2},"end":{"line":138,"column":3}},"56":{"start":{"line":124,"column":20},"end":{"line":124,"column":57}},"57":{"start":{"line":125,"column":4},"end":{"line":127,"column":5}},"58":{"start":{"line":126,"column":6},"end":{"line":126,"column":84}},"59":{"start":{"line":130,"column":4},"end":{"line":130,"column":57}},"60":{"start":{"line":131,"column":4},"end":{"line":131,"column":56}},"61":{"start":{"line":132,"column":4},"end":{"line":132,"column":30}},"62":{"start":{"line":134,"column":4},"end":{"line":134,"column":54}},"63":{"start":{"line":136,"column":4},"end":{"line":136,"column":21}},"64":{"start":{"line":137,"column":4},"end":{"line":137,"column":91}}},"fnMap":{"0":{"name":"(anonymous_0)","decl":{"start":{"line":15,"column":23},"end":{"line":15,"column":24}},"loc":{"start":{"line":15,"column":49},"end":{"line":63,"column":1}},"line":15},"1":{"name":"(anonymous_1)","decl":{"start":{"line":21,"column":23},"end":{"line":21,"column":24}},"loc":{"start":{"line":21,"column":32},"end":{"line":21,"column":54}},"line":21},"2":{"name":"(anonymous_2)","decl":{"start":{"line":25,"column":57},"end":{"line":25,"column":58}},"loc":{"start":{"line":25,"column":66},"end":{"line":25,"column":77}},"line":25},"3":{"name":"(anonymous_3)","decl":{"start":{"line":70,"column":21},"end":{"line":70,"column":22}},"loc":{"start":{"line":70,"column":47},"end":{"line":80,"column":1}},"line":70},"4":{"name":"(anonymous_4)","decl":{"start":{"line":87,"column":24},"end":{"line":87,"column":25}},"loc":{"start":{"line":87,"column":50},"end":{"line":95,"column":1}},"line":87},"5":{"name":"(anonymous_5)","decl":{"start":{"line":102,"column":24},"end":{"line":102,"column":25}},"loc":{"start":{"line":102,"column":50},"end":{"line":115,"column":1}},"line":102},"6":{"name":"(anonymous_6)","decl":{"start":{"line":122,"column":24},"end":{"line":122,"column":25}},"loc":{"start":{"line":122,"column":50},"end":{"line":139,"column":1}},"line":122}},"branchMap":{"0":{"loc":{"start":{"line":30,"column":2},"end":{"line":33,"column":3}},"type":"if","locations":[{"start":{"line":30,"column":2},"end":{"line":33,"column":3}},{"start":{},"end":{}}],"line":30},"1":{"loc":{"start":{"line":36,"column":2},"end":{"line":41,"column":3}},"type":"if","locations":[{"start":{"line":36,"column":2},"end":{"line":41,"column":3}},{"start":{"line":39,"column":9},"end":{"line":41,"column":3}}],"line":36},"2":{"loc":{"start":{"line":44,"column":15},"end":{"line":44,"column":48}},"type":"binary-expr","locations":[{"start":{"line":44,"column":15},"end":{"line":44,"column":43}},{"start":{"line":44,"column":47},"end":{"line":44,"column":48}}],"line":44},"3":{"loc":{"start":{"line":45,"column":16},"end":{"line":45,"column":51}},"type":"binary-expr","locations":[{"start":{"line":45,"column":16},"end":{"line":45,"column":45}},{"start":{"line":45,"column":49},"end":{"line":45,"column":51}}],"line":45},"4":{"loc":{"start":{"line":56,"column":4},"end":{"line":56,"column":70}},"type":"if","locations":[{"start":{"line":56,"column":4},"end":{"line":56,"column":70}},{"start":{},"end":{}}],"line":56},"5":{"loc":{"start":{"line":57,"column":4},"end":{"line":57,"column":68}},"type":"if","locations":[{"start":{"line":57,"column":4},"end":{"line":57,"column":68}},{"start":{},"end":{}}],"line":57},"6":{"loc":{"start":{"line":73,"column":4},"end":{"line":75,"column":5}},"type":"if","locations":[{"start":{"line":73,"column":4},"end":{"line":75,"column":5}},{"start":{},"end":{}}],"line":73},"7":{"loc":{"start":{"line":108,"column":4},"end":{"line":110,"column":5}},"type":"if","locations":[{"start":{"line":108,"column":4},"end":{"line":110,"column":5}},{"start":{},"end":{}}],"line":108},"8":{"loc":{"start":{"line":125,"column":4},"end":{"line":127,"column":5}},"type":"if","locations":[{"start":{"line":125,"column":4},"end":{"line":127,"column":5}},{"start":{},"end":{}}],"line":125}},"s":{"0":4,"1":4,"2":4,"3":4,"4":7,"5":7,"6":7,"7":28,"8":7,"9":7,"10":1,"11":7,"12":7,"13":1,"14":1,"15":7,"16":1,"17":1,"18":6,"19":7,"20":7,"21":7,"22":7,"23":7,"24":7,"25":6,"26":6,"27":6,"28":6,"29":2,"30":6,"31":1,"32":6,"33":1,"34":4,"35":3,"36":3,"37":2,"38":1,"39":1,"40":1,"41":4,"42":2,"43":2,"44":1,"45":1,"46":1,"47":4,"48":3,"49":3,"50":2,"51":1,"52":1,"53":1,"54":4,"55":3,"56":3,"57":2,"58":1,"59":1,"60":1,"61":1,"62":1,"63":1,"64":1},"f":{"0":7,"1":28,"2":1,"3":3,"4":2,"5":3,"6":3},"b":{"0":[1,6],"1":[1,6],"2":[7,5],"3":[7,5],"4":[2,4],"5":[1,5],"6":[1,1],"7":[1,1],"8":[1,1]},"_coverageSchema":"1a1c01bbd47fc00a2c39e90264f33305004495a9","hash":"1086d62416f6778f05ce1dbc1002f85ede1b1dc1"}
,"C:\\Users\\foo\\Desktop\\SWEN_PROJ\\BE\\se-project-be-68-2-skill-issue\\controllers\\reviews.js": {"path":"C:\\Users\\foo\\Desktop\\SWEN_PROJ\\BE\\se-project-be-68-2-skill-issue\\controllers\\reviews.js","statementMap":{"0":{"start":{"line":6,"column":15},"end":{"line":6,"column":42}},"1":{"start":{"line":7,"column":16},"end":{"line":7,"column":44}},"2":{"start":{"line":15,"column":0},"end":{"line":66,"column":2}},"3":{"start":{"line":17,"column":19},"end":{"line":17,"column":35}},"4":{"start":{"line":18,"column":23},"end":{"line":18,"column":58}},"5":{"start":{"line":19,"column":2},"end":{"line":19,"column":56}},"6":{"start":{"line":19,"column":32},"end":{"line":19,"column":54}},"7":{"start":{"line":21,"column":17},"end":{"line":21,"column":41}},"8":{"start":{"line":22,"column":2},"end":{"line":22,"column":79}},"9":{"start":{"line":22,"column":66},"end":{"line":22,"column":77}},"10":{"start":{"line":25,"column":15},"end":{"line":25,"column":48}},"11":{"start":{"line":26,"column":16},"end":{"line":26,"column":51}},"12":{"start":{"line":27,"column":21},"end":{"line":27,"column":39}},"13":{"start":{"line":28,"column":19},"end":{"line":28,"column":31}},"14":{"start":{"line":31,"column":2},"end":{"line":65,"column":3}},"15":{"start":{"line":33,"column":24},"end":{"line":33,"column":44}},"16":{"start":{"line":35,"column":4},"end":{"line":43,"column":5}},"17":{"start":{"line":36,"column":6},"end":{"line":36,"column":42}},"18":{"start":{"line":37,"column":6},"end":{"line":38,"column":58}},"19":{"start":{"line":40,"column":6},"end":{"line":42,"column":58}},"20":{"start":{"line":45,"column":4},"end":{"line":50,"column":5}},"21":{"start":{"line":46,"column":21},"end":{"line":46,"column":56}},"22":{"start":{"line":47,"column":6},"end":{"line":47,"column":33}},"23":{"start":{"line":49,"column":6},"end":{"line":49,"column":39}},"24":{"start":{"line":52,"column":18},"end":{"line":52,"column":58}},"25":{"start":{"line":53,"column":4},"end":{"line":53,"column":48}},"26":{"start":{"line":54,"column":20},"end":{"line":54,"column":31}},"27":{"start":{"line":57,"column":23},"end":{"line":57,"column":25}},"28":{"start":{"line":58,"column":4},"end":{"line":58,"column":70}},"29":{"start":{"line":58,"column":26},"end":{"line":58,"column":70}},"30":{"start":{"line":59,"column":4},"end":{"line":59,"column":68}},"31":{"start":{"line":59,"column":24},"end":{"line":59,"column":68}},"32":{"start":{"line":61,"column":4},"end":{"line":61,"column":82}},"33":{"start":{"line":63,"column":4},"end":{"line":63,"column":21}},"34":{"start":{"line":64,"column":4},"end":{"line":64,"column":84}},"35":{"start":{"line":73,"column":0},"end":{"line":88,"column":2}},"36":{"start":{"line":74,"column":2},"end":{"line":87,"column":3}},"37":{"start":{"line":75,"column":19},"end":{"line":77,"column":55}},"38":{"start":{"line":79,"column":4},"end":{"line":81,"column":5}},"39":{"start":{"line":80,"column":6},"end":{"line":80,"column":108}},"40":{"start":{"line":83,"column":4},"end":{"line":83,"column":58}},"41":{"start":{"line":85,"column":4},"end":{"line":85,"column":21}},"42":{"start":{"line":86,"column":4},"end":{"line":86,"column":83}},"43":{"start":{"line":95,"column":0},"end":{"line":116,"column":2}},"44":{"start":{"line":96,"column":2},"end":{"line":115,"column":3}},"45":{"start":{"line":97,"column":4},"end":{"line":97,"column":37}},"46":{"start":{"line":98,"column":4},"end":{"line":98,"column":32}},"47":{"start":{"line":101,"column":20},"end":{"line":101,"column":57}},"48":{"start":{"line":102,"column":4},"end":{"line":104,"column":5}},"49":{"start":{"line":103,"column":6},"end":{"line":103,"column":109}},"50":{"start":{"line":106,"column":19},"end":{"line":106,"column":48}},"51":{"start":{"line":107,"column":4},"end":{"line":107,"column":58}},"52":{"start":{"line":109,"column":4},"end":{"line":109,"column":21}},"53":{"start":{"line":111,"column":4},"end":{"line":113,"column":5}},"54":{"start":{"line":112,"column":6},"end":{"line":112,"column":105}},"55":{"start":{"line":114,"column":4},"end":{"line":114,"column":74}},"56":{"start":{"line":123,"column":0},"end":{"line":164,"column":2}},"57":{"start":{"line":124,"column":2},"end":{"line":163,"column":3}},"58":{"start":{"line":125,"column":17},"end":{"line":125,"column":53}},"59":{"start":{"line":127,"column":4},"end":{"line":129,"column":5}},"60":{"start":{"line":128,"column":6},"end":{"line":128,"column":108}},"61":{"start":{"line":132,"column":4},"end":{"line":134,"column":5}},"62":{"start":{"line":133,"column":6},"end":{"line":133,"column":103}},"63":{"start":{"line":137,"column":27},"end":{"line":137,"column":29}},"64":{"start":{"line":138,"column":4},"end":{"line":138,"column":81}},"65":{"start":{"line":138,"column":40},"end":{"line":138,"column":81}},"66":{"start":{"line":139,"column":4},"end":{"line":139,"column":82}},"67":{"start":{"line":139,"column":40},"end":{"line":139,"column":82}},"68":{"start":{"line":142,"column":22},"end":{"line":142,"column":97}},"69":{"start":{"line":143,"column":23},"end":{"line":143,"column":101}},"70":{"start":{"line":145,"column":4},"end":{"line":147,"column":5}},"71":{"start":{"line":146,"column":6},"end":{"line":146,"column":67}},"72":{"start":{"line":149,"column":4},"end":{"line":149,"column":40}},"73":{"start":{"line":150,"column":4},"end":{"line":150,"column":32}},"74":{"start":{"line":151,"column":4},"end":{"line":151,"column":25}},"75":{"start":{"line":152,"column":4},"end":{"line":152,"column":33}},"76":{"start":{"line":154,"column":4},"end":{"line":154,"column":24}},"77":{"start":{"line":157,"column":4},"end":{"line":157,"column":51}},"78":{"start":{"line":159,"column":4},"end":{"line":159,"column":58}},"79":{"start":{"line":161,"column":4},"end":{"line":161,"column":21}},"80":{"start":{"line":162,"column":4},"end":{"line":162,"column":74}},"81":{"start":{"line":171,"column":0},"end":{"line":191,"column":2}},"82":{"start":{"line":172,"column":2},"end":{"line":190,"column":3}},"83":{"start":{"line":173,"column":19},"end":{"line":173,"column":55}},"84":{"start":{"line":175,"column":4},"end":{"line":177,"column":5}},"85":{"start":{"line":176,"column":6},"end":{"line":176,"column":108}},"86":{"start":{"line":180,"column":4},"end":{"line":182,"column":5}},"87":{"start":{"line":181,"column":6},"end":{"line":181,"column":103}},"88":{"start":{"line":184,"column":4},"end":{"line":184,"column":50}},"89":{"start":{"line":186,"column":4},"end":{"line":186,"column":54}},"90":{"start":{"line":188,"column":4},"end":{"line":188,"column":21}},"91":{"start":{"line":189,"column":4},"end":{"line":189,"column":85}}},"fnMap":{"0":{"name":"(anonymous_0)","decl":{"start":{"line":15,"column":21},"end":{"line":15,"column":22}},"loc":{"start":{"line":15,"column":47},"end":{"line":66,"column":1}},"line":15},"1":{"name":"(anonymous_1)","decl":{"start":{"line":19,"column":23},"end":{"line":19,"column":24}},"loc":{"start":{"line":19,"column":32},"end":{"line":19,"column":54}},"line":19},"2":{"name":"(anonymous_2)","decl":{"start":{"line":22,"column":57},"end":{"line":22,"column":58}},"loc":{"start":{"line":22,"column":66},"end":{"line":22,"column":77}},"line":22},"3":{"name":"(anonymous_3)","decl":{"start":{"line":73,"column":20},"end":{"line":73,"column":21}},"loc":{"start":{"line":73,"column":46},"end":{"line":88,"column":1}},"line":73},"4":{"name":"(anonymous_4)","decl":{"start":{"line":95,"column":20},"end":{"line":95,"column":21}},"loc":{"start":{"line":95,"column":46},"end":{"line":116,"column":1}},"line":95},"5":{"name":"(anonymous_5)","decl":{"start":{"line":123,"column":23},"end":{"line":123,"column":24}},"loc":{"start":{"line":123,"column":49},"end":{"line":164,"column":1}},"line":123},"6":{"name":"(anonymous_6)","decl":{"start":{"line":171,"column":23},"end":{"line":171,"column":24}},"loc":{"start":{"line":171,"column":49},"end":{"line":191,"column":1}},"line":171}},"branchMap":{"0":{"loc":{"start":{"line":25,"column":15},"end":{"line":25,"column":48}},"type":"binary-expr","locations":[{"start":{"line":25,"column":15},"end":{"line":25,"column":43}},{"start":{"line":25,"column":47},"end":{"line":25,"column":48}}],"line":25},"1":{"loc":{"start":{"line":26,"column":16},"end":{"line":26,"column":51}},"type":"binary-expr","locations":[{"start":{"line":26,"column":16},"end":{"line":26,"column":45}},{"start":{"line":26,"column":49},"end":{"line":26,"column":51}}],"line":26},"2":{"loc":{"start":{"line":35,"column":4},"end":{"line":43,"column":5}},"type":"if","locations":[{"start":{"line":35,"column":4},"end":{"line":43,"column":5}},{"start":{"line":39,"column":11},"end":{"line":43,"column":5}}],"line":35},"3":{"loc":{"start":{"line":45,"column":4},"end":{"line":50,"column":5}},"type":"if","locations":[{"start":{"line":45,"column":4},"end":{"line":50,"column":5}},{"start":{"line":48,"column":11},"end":{"line":50,"column":5}}],"line":45},"4":{"loc":{"start":{"line":58,"column":4},"end":{"line":58,"column":70}},"type":"if","locations":[{"start":{"line":58,"column":4},"end":{"line":58,"column":70}},{"start":{},"end":{}}],"line":58},"5":{"loc":{"start":{"line":59,"column":4},"end":{"line":59,"column":68}},"type":"if","locations":[{"start":{"line":59,"column":4},"end":{"line":59,"column":68}},{"start":{},"end":{}}],"line":59},"6":{"loc":{"start":{"line":79,"column":4},"end":{"line":81,"column":5}},"type":"if","locations":[{"start":{"line":79,"column":4},"end":{"line":81,"column":5}},{"start":{},"end":{}}],"line":79},"7":{"loc":{"start":{"line":102,"column":4},"end":{"line":104,"column":5}},"type":"if","locations":[{"start":{"line":102,"column":4},"end":{"line":104,"column":5}},{"start":{},"end":{}}],"line":102},"8":{"loc":{"start":{"line":111,"column":4},"end":{"line":113,"column":5}},"type":"if","locations":[{"start":{"line":111,"column":4},"end":{"line":113,"column":5}},{"start":{},"end":{}}],"line":111},"9":{"loc":{"start":{"line":127,"column":4},"end":{"line":129,"column":5}},"type":"if","locations":[{"start":{"line":127,"column":4},"end":{"line":129,"column":5}},{"start":{},"end":{}}],"line":127},"10":{"loc":{"start":{"line":132,"column":4},"end":{"line":134,"column":5}},"type":"if","locations":[{"start":{"line":132,"column":4},"end":{"line":134,"column":5}},{"start":{},"end":{}}],"line":132},"11":{"loc":{"start":{"line":132,"column":8},"end":{"line":132,"column":75}},"type":"binary-expr","locations":[{"start":{"line":132,"column":8},"end":{"line":132,"column":46}},{"start":{"line":132,"column":50},"end":{"line":132,"column":75}}],"line":132},"12":{"loc":{"start":{"line":138,"column":4},"end":{"line":138,"column":81}},"type":"if","locations":[{"start":{"line":138,"column":4},"end":{"line":138,"column":81}},{"start":{},"end":{}}],"line":138},"13":{"loc":{"start":{"line":139,"column":4},"end":{"line":139,"column":82}},"type":"if","locations":[{"start":{"line":139,"column":4},"end":{"line":139,"column":82}},{"start":{},"end":{}}],"line":139},"14":{"loc":{"start":{"line":142,"column":22},"end":{"line":142,"column":97}},"type":"cond-expr","locations":[{"start":{"line":142,"column":60},"end":{"line":142,"column":81}},{"start":{"line":142,"column":84},"end":{"line":142,"column":97}}],"line":142},"15":{"loc":{"start":{"line":143,"column":23},"end":{"line":143,"column":101}},"type":"cond-expr","locations":[{"start":{"line":143,"column":62},"end":{"line":143,"column":84}},{"start":{"line":143,"column":87},"end":{"line":143,"column":101}}],"line":143},"16":{"loc":{"start":{"line":145,"column":4},"end":{"line":147,"column":5}},"type":"if","locations":[{"start":{"line":145,"column":4},"end":{"line":147,"column":5}},{"start":{},"end":{}}],"line":145},"17":{"loc":{"start":{"line":145,"column":7},"end":{"line":145,"column":89}},"type":"binary-expr","locations":[{"start":{"line":145,"column":7},"end":{"line":145,"column":56}},{"start":{"line":145,"column":60},"end":{"line":145,"column":89}}],"line":145},"18":{"loc":{"start":{"line":175,"column":4},"end":{"line":177,"column":5}},"type":"if","locations":[{"start":{"line":175,"column":4},"end":{"line":177,"column":5}},{"start":{},"end":{}}],"line":175},"19":{"loc":{"start":{"line":180,"column":4},"end":{"line":182,"column":5}},"type":"if","locations":[{"start":{"line":180,"column":4},"end":{"line":182,"column":5}},{"start":{},"end":{}}],"line":180},"20":{"loc":{"start":{"line":180,"column":8},"end":{"line":180,"column":75}},"type":"binary-expr","locations":[{"start":{"line":180,"column":8},"end":{"line":180,"column":46}},{"start":{"line":180,"column":50},"end":{"line":180,"column":75}}],"line":180}},"s":{"0":4,"1":4,"2":4,"3":7,"4":7,"5":7,"6":28,"7":7,"8":7,"9":1,"10":7,"11":7,"12":7,"13":7,"14":7,"15":7,"16":7,"17":1,"18":1,"19":6,"20":6,"21":1,"22":1,"23":5,"24":6,"25":6,"26":6,"27":6,"28":6,"29":2,"30":6,"31":1,"32":6,"33":1,"34":1,"35":4,"36":3,"37":3,"38":2,"39":1,"40":1,"41":1,"42":1,"43":4,"44":4,"45":4,"46":4,"47":4,"48":4,"49":1,"50":3,"51":1,"52":2,"53":2,"54":1,"55":1,"56":4,"57":7,"58":7,"59":6,"60":1,"61":5,"62":1,"63":4,"64":4,"65":3,"66":4,"67":3,"68":4,"69":4,"70":4,"71":1,"72":3,"73":3,"74":3,"75":3,"76":3,"77":3,"78":3,"79":1,"80":1,"81":4,"82":5,"83":5,"84":4,"85":1,"86":3,"87":1,"88":2,"89":2,"90":1,"91":1},"f":{"0":7,"1":28,"2":1,"3":3,"4":4,"5":7,"6":5},"b":{"0":[7,5],"1":[7,5],"2":[1,6],"3":[1,5],"4":[2,4],"5":[1,5],"6":[1,1],"7":[1,3],"8":[1,1],"9":[1,5],"10":[1,4],"11":[5,2],"12":[3,1],"13":[3,1],"14":[3,1],"15":[3,1],"16":[1,3],"17":[4,2],"18":[1,3],"19":[1,2],"20":[3,2]},"_coverageSchema":"1a1c01bbd47fc00a2c39e90264f33305004495a9","hash":"9b0219a208aa80d68e2c9e236537018789306df4"}
,"C:\\Users\\foo\\Desktop\\SWEN_PROJ\\BE\\se-project-be-68-2-skill-issue\\middleware\\auth.js": {"path":"C:\\Users\\foo\\Desktop\\SWEN_PROJ\\BE\\se-project-be-68-2-skill-issue\\middleware\\auth.js","statementMap":{"0":{"start":{"line":6,"column":12},"end":{"line":6,"column":35}},"1":{"start":{"line":7,"column":13},"end":{"line":7,"column":38}},"2":{"start":{"line":13,"column":0},"end":{"line":35,"column":2}},"3":{"start":{"line":17,"column":2},"end":{"line":19,"column":3}},"4":{"start":{"line":18,"column":4},"end":{"line":18,"column":52}},"5":{"start":{"line":21,"column":2},"end":{"line":23,"column":3}},"6":{"start":{"line":22,"column":4},"end":{"line":22,"column":99}},"7":{"start":{"line":25,"column":2},"end":{"line":34,"column":3}},"8":{"start":{"line":27,"column":20},"end":{"line":27,"column":61}},"9":{"start":{"line":28,"column":4},"end":{"line":28,"column":25}},"10":{"start":{"line":29,"column":4},"end":{"line":29,"column":47}},"11":{"start":{"line":30,"column":4},"end":{"line":30,"column":11}},"12":{"start":{"line":32,"column":4},"end":{"line":32,"column":27}},"13":{"start":{"line":33,"column":4},"end":{"line":33,"column":99}},"14":{"start":{"line":41,"column":0},"end":{"line":51,"column":2}},"15":{"start":{"line":42,"column":2},"end":{"line":50,"column":4}},"16":{"start":{"line":43,"column":4},"end":{"line":48,"column":5}},"17":{"start":{"line":44,"column":6},"end":{"line":47,"column":9}},"18":{"start":{"line":49,"column":4},"end":{"line":49,"column":11}}},"fnMap":{"0":{"name":"(anonymous_0)","decl":{"start":{"line":13,"column":18},"end":{"line":13,"column":19}},"loc":{"start":{"line":13,"column":44},"end":{"line":35,"column":1}},"line":13},"1":{"name":"(anonymous_1)","decl":{"start":{"line":41,"column":20},"end":{"line":41,"column":21}},"loc":{"start":{"line":41,"column":34},"end":{"line":51,"column":1}},"line":41},"2":{"name":"(anonymous_2)","decl":{"start":{"line":42,"column":9},"end":{"line":42,"column":10}},"loc":{"start":{"line":42,"column":29},"end":{"line":50,"column":3}},"line":42}},"branchMap":{"0":{"loc":{"start":{"line":17,"column":2},"end":{"line":19,"column":3}},"type":"if","locations":[{"start":{"line":17,"column":2},"end":{"line":19,"column":3}},{"start":{},"end":{}}],"line":17},"1":{"loc":{"start":{"line":17,"column":6},"end":{"line":17,"column":81}},"type":"binary-expr","locations":[{"start":{"line":17,"column":6},"end":{"line":17,"column":31}},{"start":{"line":17,"column":35},"end":{"line":17,"column":81}}],"line":17},"2":{"loc":{"start":{"line":21,"column":2},"end":{"line":23,"column":3}},"type":"if","locations":[{"start":{"line":21,"column":2},"end":{"line":23,"column":3}},{"start":{},"end":{}}],"line":21},"3":{"loc":{"start":{"line":21,"column":6},"end":{"line":21,"column":32}},"type":"binary-expr","locations":[{"start":{"line":21,"column":6},"end":{"line":21,"column":12}},{"start":{"line":21,"column":16},"end":{"line":21,"column":32}}],"line":21},"4":{"loc":{"start":{"line":43,"column":4},"end":{"line":48,"column":5}},"type":"if","locations":[{"start":{"line":43,"column":4},"end":{"line":48,"column":5}},{"start":{},"end":{}}],"line":43}},"s":{"0":4,"1":4,"2":4,"3":6,"4":3,"5":6,"6":4,"7":2,"8":2,"9":1,"10":1,"11":1,"12":1,"13":1,"14":4,"15":48,"16":3,"17":1,"18":2},"f":{"0":6,"1":48,"2":3},"b":{"0":[3,3],"1":[6,4],"2":[4,2],"3":[6,3],"4":[1,2]},"_coverageSchema":"1a1c01bbd47fc00a2c39e90264f33305004495a9","hash":"68b35f50ee7f1f05340616347117b6394a7f7d33"}
,"C:\\Users\\foo\\Desktop\\SWEN_PROJ\\BE\\se-project-be-68-2-skill-issue\\models\\Blog.js": {"path":"C:\\Users\\foo\\Desktop\\SWEN_PROJ\\BE\\se-project-be-68-2-skill-issue\\models\\Blog.js","statementMap":{"0":{"start":{"line":1,"column":17},"end":{"line":1,"column":36}},"1":{"start":{"line":3,"column":19},"end":{"line":20,"column":2}},"2":{"start":{"line":22,"column":0},"end":{"line":24,"column":3}},"3":{"start":{"line":23,"column":4},"end":{"line":23,"column":89}},"4":{"start":{"line":26,"column":0},"end":{"line":37,"column":3}},"5":{"start":{"line":27,"column":19},"end":{"line":27,"column":35}},"6":{"start":{"line":28,"column":22},"end":{"line":28,"column":59}},"7":{"start":{"line":29,"column":22},"end":{"line":29,"column":62}},"8":{"start":{"line":30,"column":22},"end":{"line":30,"column":44}},"9":{"start":{"line":32,"column":4},"end":{"line":36,"column":5}},"10":{"start":{"line":33,"column":8},"end":{"line":33,"column":89}},"11":{"start":{"line":34,"column":11},"end":{"line":36,"column":5}},"12":{"start":{"line":35,"column":8},"end":{"line":35,"column":90}},"13":{"start":{"line":39,"column":0},"end":{"line":39,"column":40}},"14":{"start":{"line":41,"column":0},"end":{"line":46,"column":3}},"15":{"start":{"line":48,"column":0},"end":{"line":48,"column":52}}},"fnMap":{"0":{"name":"(anonymous_0)","decl":{"start":{"line":22,"column":23},"end":{"line":22,"column":24}},"loc":{"start":{"line":22,"column":35},"end":{"line":24,"column":1}},"line":22},"1":{"name":"(anonymous_1)","decl":{"start":{"line":26,"column":64},"end":{"line":26,"column":65}},"loc":{"start":{"line":26,"column":76},"end":{"line":37,"column":1}},"line":26}},"branchMap":{"0":{"loc":{"start":{"line":23,"column":25},"end":{"line":23,"column":88}},"type":"cond-expr","locations":[{"start":{"line":23,"column":58},"end":{"line":23,"column":71}},{"start":{"line":23,"column":74},"end":{"line":23,"column":88}}],"line":23},"1":{"loc":{"start":{"line":23,"column":26},"end":{"line":23,"column":54}},"type":"binary-expr","locations":[{"start":{"line":23,"column":26},"end":{"line":23,"column":37}},{"start":{"line":23,"column":41},"end":{"line":23,"column":54}}],"line":23},"2":{"loc":{"start":{"line":28,"column":22},"end":{"line":28,"column":59}},"type":"binary-expr","locations":[{"start":{"line":28,"column":22},"end":{"line":28,"column":41}},{"start":{"line":28,"column":46},"end":{"line":28,"column":59}}],"line":28},"3":{"loc":{"start":{"line":29,"column":22},"end":{"line":29,"column":62}},"type":"binary-expr","locations":[{"start":{"line":29,"column":22},"end":{"line":29,"column":43}},{"start":{"line":29,"column":47},"end":{"line":29,"column":62}}],"line":29},"4":{"loc":{"start":{"line":32,"column":4},"end":{"line":36,"column":5}},"type":"if","locations":[{"start":{"line":32,"column":4},"end":{"line":36,"column":5}},{"start":{"line":34,"column":11},"end":{"line":36,"column":5}}],"line":32},"5":{"loc":{"start":{"line":32,"column":8},"end":{"line":32,"column":28}},"type":"binary-expr","locations":[{"start":{"line":32,"column":8},"end":{"line":32,"column":16}},{"start":{"line":32,"column":20},"end":{"line":32,"column":28}}],"line":32},"6":{"loc":{"start":{"line":34,"column":11},"end":{"line":36,"column":5}},"type":"if","locations":[{"start":{"line":34,"column":11},"end":{"line":36,"column":5}},{"start":{},"end":{}}],"line":34}},"s":{"0":5,"1":5,"2":5,"3":3,"4":5,"5":3,"6":3,"7":3,"8":3,"9":3,"10":1,"11":2,"12":1,"13":5,"14":5,"15":5},"f":{"0":3,"1":3},"b":{"0":[1,2],"1":[3,2],"2":[3,2],"3":[3,2],"4":[1,2],"5":[3,1],"6":[1,1]},"_coverageSchema":"1a1c01bbd47fc00a2c39e90264f33305004495a9","hash":"69d44c1e176ab3a8d06ebebda2c50b85c286f847"}
,"C:\\Users\\foo\\Desktop\\SWEN_PROJ\\BE\\se-project-be-68-2-skill-issue\\models\\Booking.js": {"path":"C:\\Users\\foo\\Desktop\\SWEN_PROJ\\BE\\se-project-be-68-2-skill-issue\\models\\Booking.js","statementMap":{"0":{"start":{"line":1,"column":17},"end":{"line":1,"column":36}},"1":{"start":{"line":3,"column":22},"end":{"line":22,"column":2}},"2":{"start":{"line":24,"column":0},"end":{"line":24,"column":58}}},"fnMap":{},"branchMap":{},"s":{"0":6,"1":6,"2":6},"f":{},"b":{},"_coverageSchema":"1a1c01bbd47fc00a2c39e90264f33305004495a9","hash":"6ac4abe5f8abf125bf841ae21f4b656efc19acc4"}
,"C:\\Users\\foo\\Desktop\\SWEN_PROJ\\BE\\se-project-be-68-2-skill-issue\\models\\Comment.js": {"path":"C:\\Users\\foo\\Desktop\\SWEN_PROJ\\BE\\se-project-be-68-2-skill-issue\\models\\Comment.js","statementMap":{"0":{"start":{"line":1,"column":17},"end":{"line":1,"column":36}},"1":{"start":{"line":3,"column":22},"end":{"line":16,"column":2}},"2":{"start":{"line":18,"column":0},"end":{"line":20,"column":3}},"3":{"start":{"line":19,"column":4},"end":{"line":19,"column":89}},"4":{"start":{"line":22,"column":0},"end":{"line":33,"column":3}},"5":{"start":{"line":23,"column":19},"end":{"line":23,"column":35}},"6":{"start":{"line":24,"column":22},"end":{"line":24,"column":59}},"7":{"start":{"line":25,"column":22},"end":{"line":25,"column":62}},"8":{"start":{"line":26,"column":22},"end":{"line":26,"column":44}},"9":{"start":{"line":28,"column":4},"end":{"line":32,"column":5}},"10":{"start":{"line":29,"column":8},"end":{"line":29,"column":89}},"11":{"start":{"line":30,"column":11},"end":{"line":32,"column":5}},"12":{"start":{"line":31,"column":8},"end":{"line":31,"column":90}},"13":{"start":{"line":35,"column":0},"end":{"line":35,"column":52}},"14":{"start":{"line":37,"column":0},"end":{"line":37,"column":58}}},"fnMap":{"0":{"name":"(anonymous_0)","decl":{"start":{"line":18,"column":26},"end":{"line":18,"column":27}},"loc":{"start":{"line":18,"column":38},"end":{"line":20,"column":1}},"line":18},"1":{"name":"(anonymous_1)","decl":{"start":{"line":22,"column":67},"end":{"line":22,"column":68}},"loc":{"start":{"line":22,"column":79},"end":{"line":33,"column":1}},"line":22}},"branchMap":{"0":{"loc":{"start":{"line":19,"column":25},"end":{"line":19,"column":88}},"type":"cond-expr","locations":[{"start":{"line":19,"column":58},"end":{"line":19,"column":71}},{"start":{"line":19,"column":74},"end":{"line":19,"column":88}}],"line":19},"1":{"loc":{"start":{"line":19,"column":26},"end":{"line":19,"column":54}},"type":"binary-expr","locations":[{"start":{"line":19,"column":26},"end":{"line":19,"column":37}},{"start":{"line":19,"column":41},"end":{"line":19,"column":54}}],"line":19},"2":{"loc":{"start":{"line":24,"column":22},"end":{"line":24,"column":59}},"type":"binary-expr","locations":[{"start":{"line":24,"column":22},"end":{"line":24,"column":41}},{"start":{"line":24,"column":46},"end":{"line":24,"column":59}}],"line":24},"3":{"loc":{"start":{"line":25,"column":22},"end":{"line":25,"column":62}},"type":"binary-expr","locations":[{"start":{"line":25,"column":22},"end":{"line":25,"column":43}},{"start":{"line":25,"column":47},"end":{"line":25,"column":62}}],"line":25},"4":{"loc":{"start":{"line":28,"column":4},"end":{"line":32,"column":5}},"type":"if","locations":[{"start":{"line":28,"column":4},"end":{"line":32,"column":5}},{"start":{"line":30,"column":11},"end":{"line":32,"column":5}}],"line":28},"5":{"loc":{"start":{"line":28,"column":8},"end":{"line":28,"column":28}},"type":"binary-expr","locations":[{"start":{"line":28,"column":8},"end":{"line":28,"column":16}},{"start":{"line":28,"column":20},"end":{"line":28,"column":28}}],"line":28},"6":{"loc":{"start":{"line":30,"column":11},"end":{"line":32,"column":5}},"type":"if","locations":[{"start":{"line":30,"column":11},"end":{"line":32,"column":5}},{"start":{},"end":{}}],"line":30}},"s":{"0":5,"1":5,"2":5,"3":3,"4":5,"5":4,"6":4,"7":4,"8":4,"9":4,"10":2,"11":2,"12":1,"13":5,"14":5},"f":{"0":3,"1":4},"b":{"0":[1,2],"1":[3,2],"2":[4,3],"3":[4,3],"4":[2,2],"5":[4,2],"6":[1,1]},"_coverageSchema":"1a1c01bbd47fc00a2c39e90264f33305004495a9","hash":"8eb45d67465bb3a8bcd229a06ef66fe1d8867cbd"}
,"C:\\Users\\foo\\Desktop\\SWEN_PROJ\\BE\\se-project-be-68-2-skill-issue\\models\\Company.js": {"path":"C:\\Users\\foo\\Desktop\\SWEN_PROJ\\BE\\se-project-be-68-2-skill-issue\\models\\Company.js","statementMap":{"0":{"start":{"line":1,"column":17},"end":{"line":1,"column":36}},"1":{"start":{"line":3,"column":22},"end":{"line":15,"column":2}},"2":{"start":{"line":18,"column":0},"end":{"line":23,"column":3}},"3":{"start":{"line":27,"column":0},"end":{"line":32,"column":3}},"4":{"start":{"line":34,"column":0},"end":{"line":34,"column":58}}},"fnMap":{},"branchMap":{},"s":{"0":8,"1":8,"2":8,"3":8,"4":8},"f":{},"b":{},"_coverageSchema":"1a1c01bbd47fc00a2c39e90264f33305004495a9","hash":"7773a995f5a50c26eebf6ad5e320b09cf717de92"}
,"C:\\Users\\foo\\Desktop\\SWEN_PROJ\\BE\\se-project-be-68-2-skill-issue\\models\\Review.js": {"path":"C:\\Users\\foo\\Desktop\\SWEN_PROJ\\BE\\se-project-be-68-2-skill-issue\\models\\Review.js","statementMap":{"0":{"start":{"line":1,"column":17},"end":{"line":1,"column":36}},"1":{"start":{"line":6,"column":21},"end":{"line":25,"column":2}},"2":{"start":{"line":28,"column":0},"end":{"line":30,"column":3}},"3":{"start":{"line":29,"column":4},"end":{"line":29,"column":89}},"4":{"start":{"line":33,"column":0},"end":{"line":45,"column":3}},"5":{"start":{"line":34,"column":19},"end":{"line":34,"column":35}},"6":{"start":{"line":36,"column":22},"end":{"line":36,"column":59}},"7":{"start":{"line":37,"column":22},"end":{"line":37,"column":62}},"8":{"start":{"line":38,"column":22},"end":{"line":38,"column":44}},"9":{"start":{"line":40,"column":4},"end":{"line":44,"column":5}},"10":{"start":{"line":41,"column":8},"end":{"line":41,"column":89}},"11":{"start":{"line":42,"column":11},"end":{"line":44,"column":5}},"12":{"start":{"line":43,"column":8},"end":{"line":43,"column":90}},"13":{"start":{"line":49,"column":0},"end":{"line":49,"column":54}},"14":{"start":{"line":51,"column":0},"end":{"line":51,"column":62}},"15":{"start":{"line":54,"column":0},"end":{"line":77,"column":2}},"16":{"start":{"line":55,"column":16},"end":{"line":64,"column":4}},"17":{"start":{"line":66,"column":2},"end":{"line":76,"column":3}},"18":{"start":{"line":67,"column":4},"end":{"line":70,"column":7}},"19":{"start":{"line":72,"column":4},"end":{"line":75,"column":7}},"20":{"start":{"line":80,"column":0},"end":{"line":82,"column":3}},"21":{"start":{"line":81,"column":4},"end":{"line":81,"column":59}},"22":{"start":{"line":85,"column":0},"end":{"line":87,"column":3}},"23":{"start":{"line":86,"column":2},"end":{"line":86,"column":58}},"24":{"start":{"line":86,"column":11},"end":{"line":86,"column":58}},"25":{"start":{"line":89,"column":0},"end":{"line":89,"column":56}}},"fnMap":{"0":{"name":"(anonymous_0)","decl":{"start":{"line":28,"column":25},"end":{"line":28,"column":26}},"loc":{"start":{"line":28,"column":37},"end":{"line":30,"column":1}},"line":28},"1":{"name":"(anonymous_1)","decl":{"start":{"line":33,"column":66},"end":{"line":33,"column":67}},"loc":{"start":{"line":33,"column":78},"end":{"line":45,"column":1}},"line":33},"2":{"name":"(anonymous_2)","decl":{"start":{"line":54,"column":41},"end":{"line":54,"column":42}},"loc":{"start":{"line":54,"column":68},"end":{"line":77,"column":1}},"line":54},"3":{"name":"(anonymous_3)","decl":{"start":{"line":80,"column":26},"end":{"line":80,"column":27}},"loc":{"start":{"line":80,"column":44},"end":{"line":82,"column":1}},"line":80},"4":{"name":"(anonymous_4)","decl":{"start":{"line":85,"column":38},"end":{"line":85,"column":39}},"loc":{"start":{"line":85,"column":59},"end":{"line":87,"column":1}},"line":85}},"branchMap":{"0":{"loc":{"start":{"line":29,"column":25},"end":{"line":29,"column":88}},"type":"cond-expr","locations":[{"start":{"line":29,"column":58},"end":{"line":29,"column":71}},{"start":{"line":29,"column":74},"end":{"line":29,"column":88}}],"line":29},"1":{"loc":{"start":{"line":29,"column":26},"end":{"line":29,"column":54}},"type":"binary-expr","locations":[{"start":{"line":29,"column":26},"end":{"line":29,"column":37}},{"start":{"line":29,"column":41},"end":{"line":29,"column":54}}],"line":29},"2":{"loc":{"start":{"line":36,"column":22},"end":{"line":36,"column":59}},"type":"binary-expr","locations":[{"start":{"line":36,"column":22},"end":{"line":36,"column":41}},{"start":{"line":36,"column":46},"end":{"line":36,"column":59}}],"line":36},"3":{"loc":{"start":{"line":37,"column":22},"end":{"line":37,"column":62}},"type":"binary-expr","locations":[{"start":{"line":37,"column":22},"end":{"line":37,"column":43}},{"start":{"line":37,"column":47},"end":{"line":37,"column":62}}],"line":37},"4":{"loc":{"start":{"line":40,"column":4},"end":{"line":44,"column":5}},"type":"if","locations":[{"start":{"line":40,"column":4},"end":{"line":44,"column":5}},{"start":{"line":42,"column":11},"end":{"line":44,"column":5}}],"line":40},"5":{"loc":{"start":{"line":40,"column":8},"end":{"line":40,"column":28}},"type":"binary-expr","locations":[{"start":{"line":40,"column":8},"end":{"line":40,"column":16}},{"start":{"line":40,"column":20},"end":{"line":40,"column":28}}],"line":40},"6":{"loc":{"start":{"line":42,"column":11},"end":{"line":44,"column":5}},"type":"if","locations":[{"start":{"line":42,"column":11},"end":{"line":44,"column":5}},{"start":{},"end":{}}],"line":42},"7":{"loc":{"start":{"line":66,"column":2},"end":{"line":76,"column":3}},"type":"if","locations":[{"start":{"line":66,"column":2},"end":{"line":76,"column":3}},{"start":{"line":71,"column":9},"end":{"line":76,"column":3}}],"line":66},"8":{"loc":{"start":{"line":86,"column":2},"end":{"line":86,"column":58}},"type":"if","locations":[{"start":{"line":86,"column":2},"end":{"line":86,"column":58}},{"start":{},"end":{}}],"line":86}},"s":{"0":6,"1":6,"2":6,"3":3,"4":6,"5":4,"6":4,"7":4,"8":4,"9":4,"10":2,"11":2,"12":1,"13":6,"14":6,"15":6,"16":2,"17":2,"18":1,"19":1,"20":6,"21":1,"22":6,"23":2,"24":1,"25":6},"f":{"0":3,"1":4,"2":2,"3":1,"4":2},"b":{"0":[1,2],"1":[3,2],"2":[4,3],"3":[4,3],"4":[2,2],"5":[4,2],"6":[1,1],"7":[1,1],"8":[1,1]},"_coverageSchema":"1a1c01bbd47fc00a2c39e90264f33305004495a9","hash":"5bed9c3ff3e22281df8c1b5dca62fd369f44ef1a"}
,"C:\\Users\\foo\\Desktop\\SWEN_PROJ\\BE\\se-project-be-68-2-skill-issue\\models\\User.js": {"path":"C:\\Users\\foo\\Desktop\\SWEN_PROJ\\BE\\se-project-be-68-2-skill-issue\\models\\User.js","statementMap":{"0":{"start":{"line":1,"column":17},"end":{"line":1,"column":36}},"1":{"start":{"line":2,"column":15},"end":{"line":2,"column":34}},"2":{"start":{"line":3,"column":12},"end":{"line":3,"column":35}},"3":{"start":{"line":5,"column":19},"end":{"line":19,"column":2}},"4":{"start":{"line":22,"column":0},"end":{"line":25,"column":3}},"5":{"start":{"line":23,"column":15},"end":{"line":23,"column":39}},"6":{"start":{"line":24,"column":2},"end":{"line":24,"column":57}},"7":{"start":{"line":28,"column":0},"end":{"line":32,"column":2}},"8":{"start":{"line":29,"column":2},"end":{"line":31,"column":5}},"9":{"start":{"line":35,"column":0},"end":{"line":37,"column":2}},"10":{"start":{"line":36,"column":2},"end":{"line":36,"column":62}},"11":{"start":{"line":39,"column":0},"end":{"line":39,"column":52}}},"fnMap":{"0":{"name":"(anonymous_0)","decl":{"start":{"line":22,"column":23},"end":{"line":22,"column":24}},"loc":{"start":{"line":22,"column":44},"end":{"line":25,"column":1}},"line":22},"1":{"name":"(anonymous_1)","decl":{"start":{"line":28,"column":39},"end":{"line":28,"column":40}},"loc":{"start":{"line":28,"column":50},"end":{"line":32,"column":1}},"line":28},"2":{"name":"(anonymous_2)","decl":{"start":{"line":35,"column":35},"end":{"line":35,"column":36}},"loc":{"start":{"line":35,"column":67},"end":{"line":37,"column":1}},"line":35}},"branchMap":{},"s":{"0":5,"1":5,"2":5,"3":5,"4":5,"5":1,"6":1,"7":5,"8":1,"9":5,"10":2,"11":5},"f":{"0":1,"1":1,"2":2},"b":{},"_coverageSchema":"1a1c01bbd47fc00a2c39e90264f33305004495a9","hash":"db43cc4e179a49db95d886261585b540a6ef18a6"}
,"C:\\Users\\foo\\Desktop\\SWEN_PROJ\\BE\\se-project-be-68-2-skill-issue\\routes\\auth.js": {"path":"C:\\Users\\foo\\Desktop\\SWEN_PROJ\\BE\\se-project-be-68-2-skill-issue\\routes\\auth.js","statementMap":{"0":{"start":{"line":1,"column":16},"end":{"line":1,"column":34}},"1":{"start":{"line":2,"column":38},"end":{"line":2,"column":68}},"2":{"start":{"line":3,"column":15},"end":{"line":3,"column":31}},"3":{"start":{"line":4,"column":18},"end":{"line":4,"column":47}},"4":{"start":{"line":5,"column":0},"end":{"line":5,"column":35}},"5":{"start":{"line":6,"column":0},"end":{"line":6,"column":29}},"6":{"start":{"line":7,"column":0},"end":{"line":7,"column":33}},"7":{"start":{"line":8,"column":0},"end":{"line":8,"column":30}},"8":{"start":{"line":9,"column":0},"end":{"line":9,"column":24}}},"fnMap":{},"branchMap":{},"s":{"0":4,"1":4,"2":4,"3":4,"4":4,"5":4,"6":4,"7":4,"8":4},"f":{},"b":{},"_coverageSchema":"1a1c01bbd47fc00a2c39e90264f33305004495a9","hash":"725c132eae2791d20e14333bc7e2f95b1fa9f194"}
,"C:\\Users\\foo\\Desktop\\SWEN_PROJ\\BE\\se-project-be-68-2-skill-issue\\routes\\blogs.js": {"path":"C:\\Users\\foo\\Desktop\\SWEN_PROJ\\BE\\se-project-be-68-2-skill-issue\\routes\\blogs.js","statementMap":{"0":{"start":{"line":1,"column":16},"end":{"line":1,"column":34}},"1":{"start":{"line":2,"column":15},"end":{"line":2,"column":52}},"2":{"start":{"line":3,"column":31},"end":{"line":3,"column":60}},"3":{"start":{"line":4,"column":63},"end":{"line":4,"column":94}},"4":{"start":{"line":5,"column":22},"end":{"line":5,"column":43}},"5":{"start":{"line":7,"column":0},"end":{"line":7,"column":43}},"6":{"start":{"line":8,"column":0},"end":{"line":8,"column":74}},"7":{"start":{"line":9,"column":0},"end":{"line":9,"column":143}},"8":{"start":{"line":11,"column":0},"end":{"line":11,"column":24}}},"fnMap":{},"branchMap":{},"s":{"0":3,"1":3,"2":3,"3":3,"4":3,"5":3,"6":3,"7":3,"8":3},"f":{},"b":{},"_coverageSchema":"1a1c01bbd47fc00a2c39e90264f33305004495a9","hash":"4b61409f14134adc88ea478b64ced10992038b2a"}
,"C:\\Users\\foo\\Desktop\\SWEN_PROJ\\BE\\se-project-be-68-2-skill-issue\\routes\\bookings.js": {"path":"C:\\Users\\foo\\Desktop\\SWEN_PROJ\\BE\\se-project-be-68-2-skill-issue\\routes\\bookings.js","statementMap":{"0":{"start":{"line":1,"column":16},"end":{"line":1,"column":34}},"1":{"start":{"line":2,"column":76},"end":{"line":2,"column":110}},"2":{"start":{"line":3,"column":15},"end":{"line":3,"column":49}},"3":{"start":{"line":4,"column":31},"end":{"line":4,"column":60}},"4":{"start":{"line":6,"column":0},"end":{"line":8,"column":58}},"5":{"start":{"line":9,"column":0},"end":{"line":12,"column":60}},"6":{"start":{"line":14,"column":0},"end":{"line":14,"column":24}}},"fnMap":{},"branchMap":{},"s":{"0":5,"1":5,"2":5,"3":5,"4":5,"5":5,"6":5},"f":{},"b":{},"_coverageSchema":"1a1c01bbd47fc00a2c39e90264f33305004495a9","hash":"4da04498a5a8b049f96eac02bd219625dc84c625"}
,"C:\\Users\\foo\\Desktop\\SWEN_PROJ\\BE\\se-project-be-68-2-skill-issue\\routes\\comments.js": {"path":"C:\\Users\\foo\\Desktop\\SWEN_PROJ\\BE\\se-project-be-68-2-skill-issue\\routes\\comments.js","statementMap":{"0":{"start":{"line":1,"column":16},"end":{"line":1,"column":34}},"1":{"start":{"line":2,"column":15},"end":{"line":2,"column":52}},"2":{"start":{"line":3,"column":31},"end":{"line":3,"column":60}},"3":{"start":{"line":4,"column":78},"end":{"line":4,"column":112}},"4":{"start":{"line":6,"column":0},"end":{"line":6,"column":80}},"5":{"start":{"line":7,"column":0},"end":{"line":7,"column":159}},"6":{"start":{"line":9,"column":0},"end":{"line":9,"column":24}}},"fnMap":{},"branchMap":{},"s":{"0":3,"1":3,"2":3,"3":3,"4":3,"5":3,"6":3},"f":{},"b":{},"_coverageSchema":"1a1c01bbd47fc00a2c39e90264f33305004495a9","hash":"60195fcda2b4477328419c4768b1d6c098b563ed"}
,"C:\\Users\\foo\\Desktop\\SWEN_PROJ\\BE\\se-project-be-68-2-skill-issue\\routes\\companies.js": {"path":"C:\\Users\\foo\\Desktop\\SWEN_PROJ\\BE\\se-project-be-68-2-skill-issue\\routes\\companies.js","statementMap":{"0":{"start":{"line":1,"column":16},"end":{"line":1,"column":34}},"1":{"start":{"line":2,"column":29},"end":{"line":2,"column":58}},"2":{"start":{"line":3,"column":80},"end":{"line":3,"column":115}},"3":{"start":{"line":4,"column":22},"end":{"line":4,"column":43}},"4":{"start":{"line":5,"column":21},"end":{"line":5,"column":41}},"5":{"start":{"line":6,"column":15},"end":{"line":6,"column":31}},"6":{"start":{"line":8,"column":0},"end":{"line":8,"column":44}},"7":{"start":{"line":9,"column":0},"end":{"line":9,"column":42}},"8":{"start":{"line":10,"column":0},"end":{"line":12,"column":54}},"9":{"start":{"line":13,"column":0},"end":{"line":16,"column":56}},"10":{"start":{"line":17,"column":0},"end":{"line":17,"column":23}}},"fnMap":{},"branchMap":{},"s":{"0":4,"1":4,"2":4,"3":4,"4":4,"5":4,"6":4,"7":4,"8":4,"9":4,"10":4},"f":{},"b":{},"_coverageSchema":"1a1c01bbd47fc00a2c39e90264f33305004495a9","hash":"3ac319b59f0625b8e6917e13d8926b5b6beaac05"}
,"C:\\Users\\foo\\Desktop\\SWEN_PROJ\\BE\\se-project-be-68-2-skill-issue\\routes\\reviews.js": {"path":"C:\\Users\\foo\\Desktop\\SWEN_PROJ\\BE\\se-project-be-68-2-skill-issue\\routes\\reviews.js","statementMap":{"0":{"start":{"line":1,"column":16},"end":{"line":1,"column":34}},"1":{"start":{"line":2,"column":73},"end":{"line":2,"column":106}},"2":{"start":{"line":3,"column":15},"end":{"line":3,"column":52}},"3":{"start":{"line":4,"column":31},"end":{"line":4,"column":60}},"4":{"start":{"line":6,"column":0},"end":{"line":8,"column":58}},"5":{"start":{"line":9,"column":0},"end":{"line":12,"column":63}},"6":{"start":{"line":14,"column":0},"end":{"line":14,"column":24}}},"fnMap":{},"branchMap":{},"s":{"0":5,"1":5,"2":5,"3":5,"4":5,"5":5,"6":5},"f":{},"b":{},"_coverageSchema":"1a1c01bbd47fc00a2c39e90264f33305004495a9","hash":"c1d4b08176fc56b4fab531a4a25f5d0a44bbf68f"}
}
