TN:
SF:controllers\auth.js
FN:13,(anonymous_0)
FN:29,(anonymous_1)
FN:62,(anonymous_2)
FN:82,(anonymous_3)
FN:92,(anonymous_4)
FNF:5
FNH:5
FNDA:2,(anonymous_0)
FNDA:8,(anonymous_1)
FNDA:2,(anonymous_2)
FNDA:1,(anonymous_3)
FNDA:1,(anonymous_4)
DA:6,1
DA:13,1
DA:14,2
DA:15,2
DA:16,2
DA:17,1
DA:19,1
DA:20,1
DA:29,1
DA:30,8
DA:31,8
DA:34,8
DA:35,2
DA:39,6
DA:40,3
DA:41,1
DA:45,2
DA:46,2
DA:47,1
DA:50,1
DA:52,3
DA:62,1
DA:63,2
DA:64,2
DA:70,2
DA:71,0
DA:74,2
DA:82,1
DA:83,1
DA:84,1
DA:92,1
DA:93,1
DA:97,1
LF:33
LH:32
BRDA:34,0,0,2
BRDA:34,0,1,6
BRDA:34,1,0,8
BRDA:34,1,1,7
BRDA:40,2,0,1
BRDA:40,2,1,2
BRDA:46,3,0,1
BRDA:46,3,1,1
BRDA:70,4,0,0
BRDA:70,4,1,2
BRF:10
BRH:9
end_of_record
TN:
SF:controllers\bookings.js
FN:22,(anonymous_0)
FN:58,(anonymous_1)
FN:85,(anonymous_2)
FN:137,(anonymous_3)
FN:179,(anonymous_4)
FNF:5
FNH:5
FNDA:4,(anonymous_0)
FNDA:5,(anonymous_1)
FNDA:7,(anonymous_2)
FNDA:7,(anonymous_3)
FNDA:6,(anonymous_4)
DA:6,1
DA:7,1
DA:10,1
DA:11,1
DA:14,1
DA:22,1
DA:25,4
DA:27,2
DA:31,2
DA:33,1
DA:38,1
DA:44,4
DA:45,4
DA:46,3
DA:48,1
DA:49,1
DA:58,1
DA:59,5
DA:60,5
DA:64,4
DA:65,1
DA:69,3
DA:70,1
DA:73,2
DA:75,1
DA:76,1
DA:85,1
DA:86,7
DA:87,7
DA:88,7
DA:91,7
DA:92,2
DA:98,5
DA:99,5
DA:102,5
DA:103,1
DA:110,4
DA:111,4
DA:112,1
DA:119,3
DA:120,3
DA:121,1
DA:124,2
DA:125,2
DA:127,0
DA:128,0
DA:137,1
DA:138,7
DA:139,7
DA:140,5
DA:141,1
DA:145,4
DA:146,1
DA:150,3
DA:151,3
DA:152,1
DA:157,2
DA:158,2
DA:159,1
DA:166,1
DA:167,1
DA:169,2
DA:170,2
DA:179,1
DA:180,6
DA:181,6
DA:182,4
DA:183,1
DA:187,3
DA:188,1
DA:191,2
DA:192,2
DA:194,2
DA:195,2
LF:74
LH:72
BRDA:25,0,0,2
BRDA:25,0,1,2
BRDA:31,1,0,1
BRDA:31,1,1,1
BRDA:64,2,0,1
BRDA:64,2,1,3
BRDA:69,3,0,1
BRDA:69,3,1,2
BRDA:69,4,0,3
BRDA:69,4,1,2
BRDA:91,5,0,2
BRDA:91,5,1,5
BRDA:91,6,0,7
BRDA:91,6,1,6
BRDA:102,7,0,1
BRDA:102,7,1,4
BRDA:102,8,0,5
BRDA:102,8,1,5
BRDA:111,9,0,1
BRDA:111,9,1,3
BRDA:111,10,0,4
BRDA:111,10,1,2
BRDA:120,11,0,1
BRDA:120,11,1,2
BRDA:140,12,0,1
BRDA:140,12,1,4
BRDA:145,13,0,1
BRDA:145,13,1,3
BRDA:145,14,0,4
BRDA:145,14,1,1
BRDA:150,15,0,3
BRDA:150,15,1,0
BRDA:151,16,0,1
BRDA:151,16,1,2
BRDA:158,17,0,1
BRDA:158,17,1,1
BRDA:158,18,0,2
BRDA:158,18,1,2
BRDA:182,19,0,1
BRDA:182,19,1,3
BRDA:187,20,0,1
BRDA:187,20,1,2
BRDA:187,21,0,3
BRDA:187,21,1,2
BRF:44
BRH:43
end_of_record
TN:
SF:controllers\companies.js
FN:15,(anonymous_0)
FN:21,(anonymous_1)
FN:25,(anonymous_2)
FN:70,(anonymous_3)
FN:87,(anonymous_4)
FN:102,(anonymous_5)
FN:122,(anonymous_6)
FNF:7
FNH:7
FNDA:7,(anonymous_0)
FNDA:28,(anonymous_1)
FNDA:1,(anonymous_2)
FNDA:3,(anonymous_3)
FNDA:2,(anonymous_4)
FNDA:3,(anonymous_5)
FNDA:3,(anonymous_6)
DA:6,1
DA:7,1
DA:8,1
DA:15,1
DA:19,7
DA:20,7
DA:21,28
DA:24,7
DA:25,7
DA:27,7
DA:30,7
DA:31,2
DA:32,2
DA:36,7
DA:37,0
DA:38,0
DA:40,7
DA:44,7
DA:45,7
DA:46,7
DA:47,7
DA:49,7
DA:50,7
DA:51,7
DA:52,7
DA:55,6
DA:56,6
DA:57,6
DA:59,6
DA:61,1
DA:70,1
DA:71,3
DA:72,3
DA:73,2
DA:74,1
DA:76,1
DA:78,1
DA:87,1
DA:88,2
DA:89,2
DA:90,1
DA:92,1
DA:93,1
DA:102,1
DA:103,3
DA:104,3
DA:108,2
DA:109,1
DA:111,1
DA:113,1
DA:122,1
DA:123,3
DA:124,3
DA:125,2
DA:126,1
DA:130,1
DA:131,1
DA:132,1
DA:134,1
DA:136,1
DA:137,1
LF:61
LH:59
BRDA:30,0,0,2
BRDA:30,0,1,5
BRDA:36,1,0,0
BRDA:36,1,1,7
BRDA:44,2,0,7
BRDA:44,2,1,5
BRDA:45,3,0,7
BRDA:45,3,1,5
BRDA:56,4,0,0
BRDA:56,4,1,6
BRDA:57,5,0,1
BRDA:57,5,1,5
BRDA:73,6,0,1
BRDA:73,6,1,1
BRDA:108,7,0,1
BRDA:108,7,1,1
BRDA:125,8,0,1
BRDA:125,8,1,1
BRF:18
BRH:16
end_of_record
TN:
SF:controllers\reviews.js
FN:15,(anonymous_0)
FN:19,(anonymous_1)
FN:22,(anonymous_2)
FN:73,(anonymous_3)
FN:95,(anonymous_4)
FN:123,(anonymous_5)
FN:161,(anonymous_6)
FNF:7
FNH:6
FNDA:5,(anonymous_0)
FNDA:20,(anonymous_1)
FNDA:0,(anonymous_2)
FNDA:3,(anonymous_3)
FNDA:5,(anonymous_4)
FNDA:6,(anonymous_5)
FNDA:5,(anonymous_6)
DA:6,1
DA:7,1
DA:15,1
DA:17,5
DA:18,5
DA:19,20
DA:21,5
DA:22,5
DA:25,5
DA:26,5
DA:27,5
DA:28,5
DA:31,5
DA:33,5
DA:35,5
DA:36,1
DA:37,1
DA:40,4
DA:45,4
DA:46,2
DA:47,2
DA:49,2
DA:52,4
DA:53,4
DA:54,4
DA:57,4
DA:58,4
DA:59,4
DA:61,4
DA:63,1
DA:64,1
DA:73,1
DA:74,3
DA:75,3
DA:79,2
DA:80,1
DA:83,1
DA:85,1
DA:86,1
DA:95,1
DA:96,5
DA:97,5
DA:98,5
DA:101,5
DA:102,5
DA:103,2
DA:106,3
DA:107,1
DA:109,2
DA:111,2
DA:112,1
DA:114,1
DA:123,1
DA:124,6
DA:125,6
DA:127,5
DA:128,1
DA:132,4
DA:133,1
DA:137,3
DA:138,3
DA:139,3
DA:141,3
DA:147,3
DA:149,3
DA:151,1
DA:152,1
DA:161,1
DA:162,5
DA:163,5
DA:165,4
DA:166,1
DA:170,3
DA:171,1
DA:174,2
DA:176,2
DA:178,1
DA:179,1
LF:78
LH:78
BRDA:25,0,0,5
BRDA:25,0,1,5
BRDA:26,1,0,5
BRDA:26,1,1,5
BRDA:35,2,0,1
BRDA:35,2,1,4
BRDA:45,3,0,2
BRDA:45,3,1,2
BRDA:58,4,0,0
BRDA:58,4,1,4
BRDA:59,5,0,0
BRDA:59,5,1,4
BRDA:79,6,0,1
BRDA:79,6,1,1
BRDA:102,7,0,2
BRDA:102,7,1,3
BRDA:111,8,0,1
BRDA:111,8,1,1
BRDA:127,9,0,1
BRDA:127,9,1,4
BRDA:132,10,0,1
BRDA:132,10,1,3
BRDA:132,11,0,4
BRDA:132,11,1,2
BRDA:138,12,0,2
BRDA:138,12,1,1
BRDA:139,13,0,3
BRDA:139,13,1,0
BRDA:165,14,0,1
BRDA:165,14,1,3
BRDA:170,15,0,1
BRDA:170,15,1,2
BRDA:170,16,0,3
BRDA:170,16,1,2
BRF:34
BRH:31
end_of_record
TN:
SF:middleware\auth.js
FN:13,(anonymous_0)
FN:41,(anonymous_1)
FN:42,(anonymous_2)
FNF:3
FNH:3
FNDA:4,(anonymous_0)
FNDA:3,(anonymous_1)
FNDA:3,(anonymous_2)
DA:6,1
DA:7,1
DA:13,1
DA:17,4
DA:18,3
DA:21,4
DA:22,2
DA:25,2
DA:27,2
DA:28,1
DA:29,1
DA:30,1
DA:32,1
DA:33,1
DA:41,1
DA:42,3
DA:43,3
DA:44,1
DA:49,2
LF:19
LH:19
BRDA:17,0,0,3
BRDA:17,0,1,1
BRDA:17,1,0,4
BRDA:17,1,1,3
BRDA:21,2,0,2
BRDA:21,2,1,2
BRDA:21,3,0,4
BRDA:21,3,1,3
BRDA:43,4,0,1
BRDA:43,4,1,2
BRF:10
BRH:10
end_of_record
TN:
SF:models\Booking.js
FNF:0
FNH:0
DA:1,2
DA:3,2
DA:24,2
LF:3
LH:3
BRF:0
BRH:0
end_of_record
TN:
SF:models\Company.js
FNF:0
FNH:0
DA:1,4
DA:3,4
DA:17,4
DA:26,4
DA:33,4
LF:5
LH:5
BRF:0
BRH:0
end_of_record
TN:
SF:models\Review.js
FN:31,(anonymous_0)
FN:57,(anonymous_1)
FN:62,(anonymous_2)
FNF:3
FNH:3
FNDA:2,(anonymous_0)
FNDA:1,(anonymous_1)
FNDA:2,(anonymous_2)
DA:1,3
DA:6,3
DA:26,3
DA:28,3
DA:31,3
DA:32,2
DA:43,2
DA:44,1
DA:49,1
DA:57,3
DA:58,1
DA:62,3
DA:63,2
DA:66,3
LF:14
LH:14
BRDA:43,0,0,1
BRDA:43,0,1,1
BRDA:63,1,0,1
BRDA:63,1,1,1
BRF:4
BRH:4
end_of_record
TN:
SF:models\User.js
FN:22,(anonymous_0)
FN:28,(anonymous_1)
FN:35,(anonymous_2)
FNF:3
FNH:3
FNDA:1,(anonymous_0)
FNDA:1,(anonymous_1)
FNDA:1,(anonymous_2)
DA:1,3
DA:2,3
DA:3,3
DA:5,3
DA:22,3
DA:23,1
DA:24,1
DA:28,3
DA:29,1
DA:35,3
DA:36,1
DA:39,3
LF:12
LH:12
BRF:0
BRH:0
end_of_record
