TN:
SF:server.js
FN:70,(anonymous_0)
FN:74,(anonymous_1)
FN:76,(anonymous_2)
FNF:3
FNH:3
FNDA:2,(anonymous_0)
FNDA:1,(anonymous_1)
FNDA:1,(anonymous_2)
DA:1,3
DA:2,3
DA:3,3
DA:4,3
DA:5,3
DA:6,3
DA:7,3
DA:8,3
DA:9,3
DA:10,3
DA:11,3
DA:13,3
DA:14,3
DA:15,3
DA:16,3
DA:17,3
DA:18,3
DA:19,3
DA:21,3
DA:23,3
DA:25,3
DA:27,3
DA:32,3
DA:49,3
DA:50,3
DA:52,3
DA:53,3
DA:54,3
DA:55,3
DA:56,3
DA:57,3
DA:58,3
DA:59,3
DA:61,3
DA:62,3
DA:63,3
DA:64,3
DA:65,3
DA:66,3
DA:68,3
DA:69,2
DA:70,2
DA:71,2
DA:74,2
DA:75,1
DA:76,1
DA:81,3
LF:47
LH:47
BRDA:42,0,0,3
BRDA:42,0,1,3
BRDA:68,1,0,2
BRDA:68,1,1,1
BRDA:69,2,0,2
BRDA:69,2,1,1
BRF:6
BRH:6
end_of_record
TN:
SF:config\db.js
FN:2,(anonymous_0)
FNF:1
FNH:1
FNDA:2,(anonymous_0)
DA:1,2
DA:2,2
DA:3,2
DA:4,2
DA:6,2
DA:8,2
LF:6
LH:6
BRF:0
BRH:0
end_of_record
TN:
SF:controllers\auth.js
FN:13,(anonymous_0)
FN:29,(anonymous_1)
FN:62,(anonymous_2)
FN:82,(anonymous_3)
FN:92,(anonymous_4)
FNF:5
FNH:5
FNDA:3,(anonymous_0)
FNDA:6,(anonymous_1)
FNDA:3,(anonymous_2)
FNDA:1,(anonymous_3)
FNDA:1,(anonymous_4)
DA:6,4
DA:13,4
DA:14,3
DA:15,3
DA:16,3
DA:17,2
DA:19,1
DA:20,1
DA:29,4
DA:30,6
DA:31,6
DA:34,6
DA:35,2
DA:39,4
DA:40,3
DA:41,1
DA:45,2
DA:46,2
DA:47,1
DA:50,1
DA:52,1
DA:62,4
DA:63,3
DA:64,3
DA:70,3
DA:71,1
DA:74,3
DA:82,4
DA:83,1
DA:84,1
DA:92,4
DA:93,1
DA:97,1
LF:33
LH:33
BRDA:34,0,0,2
BRDA:34,0,1,4
BRDA:34,1,0,6
BRDA:34,1,1,5
BRDA:40,2,0,1
BRDA:40,2,1,2
BRDA:46,3,0,1
BRDA:46,3,1,1
BRDA:70,4,0,1
BRDA:70,4,1,2
BRF:10
BRH:10
end_of_record
TN:
SF:controllers\blogs.js
FN:7,(anonymous_0)
FN:12,(anonymous_1)
FN:14,(anonymous_2)
FN:56,(anonymous_3)
FN:69,(anonymous_4)
FN:98,(anonymous_5)
FN:141,(anonymous_6)
FNF:7
FNH:7
FNDA:8,(anonymous_0)
FNDA:2,(anonymous_1)
FNDA:4,(anonymous_2)
FNDA:3,(anonymous_3)
FNDA:6,(anonymous_4)
FNDA:7,(anonymous_5)
FNDA:4,(anonymous_6)
DA:2,4
DA:4,4
DA:5,4
DA:7,4
DA:8,8
DA:9,8
DA:12,4
DA:14,4
DA:15,4
DA:16,4
DA:17,4
DA:19,4
DA:20,2
DA:21,2
DA:27,4
DA:28,4
DA:29,4
DA:30,4
DA:32,4
DA:38,3
DA:39,3
DA:41,3
DA:42,1
DA:45,3
DA:46,1
DA:49,3
DA:51,1
DA:52,1
DA:56,4
DA:57,3
DA:58,3
DA:59,2
DA:60,1
DA:62,1
DA:64,1
DA:65,1
DA:69,4
DA:70,6
DA:72,6
DA:74,6
DA:75,2
DA:80,4
DA:85,3
DA:90,2
DA:91,1
DA:93,1
DA:94,1
DA:98,4
DA:99,7
DA:100,7
DA:101,6
DA:102,1
DA:105,5
DA:106,1
DA:109,4
DA:110,4
DA:111,2
DA:112,1
DA:113,1
DA:115,3
DA:116,2
DA:117,1
DA:118,1
DA:121,2
DA:122,1
DA:125,1
DA:126,1
DA:128,1
DA:134,1
DA:136,1
DA:137,1
DA:141,4
DA:142,4
DA:143,4
DA:144,3
DA:145,1
DA:148,2
DA:149,1
DA:152,1
DA:153,1
DA:155,1
DA:156,1
LF:82
LH:82
BRDA:9,0,0,6
BRDA:9,0,1,2
BRDA:9,1,0,8
BRDA:9,1,1,3
BRDA:17,2,0,2
BRDA:17,2,1,2
BRDA:19,3,0,2
BRDA:19,3,1,2
BRDA:38,4,0,1
BRDA:38,4,1,2
BRDA:41,5,0,1
BRDA:41,5,1,2
BRDA:45,6,0,1
BRDA:45,6,1,2
BRDA:45,7,0,3
BRDA:45,7,1,1
BRDA:59,8,0,1
BRDA:59,8,1,1
BRDA:74,9,0,2
BRDA:74,9,1,4
BRDA:74,10,0,6
BRDA:74,10,1,5
BRDA:80,11,0,1
BRDA:80,11,1,3
BRDA:85,12,0,1
BRDA:85,12,1,2
BRDA:101,13,0,1
BRDA:101,13,1,5
BRDA:105,14,0,1
BRDA:105,14,1,4
BRDA:105,15,0,5
BRDA:105,15,1,1
BRDA:110,16,0,2
BRDA:110,16,1,2
BRDA:111,17,0,1
BRDA:111,17,1,1
BRDA:115,18,0,2
BRDA:115,18,1,1
BRDA:116,19,0,1
BRDA:116,19,1,1
BRDA:121,20,0,1
BRDA:121,20,1,1
BRDA:144,21,0,1
BRDA:144,21,1,2
BRDA:148,22,0,1
BRDA:148,22,1,1
BRDA:148,23,0,2
BRDA:148,23,1,1
BRF:48
BRH:48
end_of_record
TN:
SF:controllers\bookings.js
FN:22,(anonymous_0)
FN:58,(anonymous_1)
FN:85,(anonymous_2)
FN:137,(anonymous_3)
FN:179,(anonymous_4)
FNF:5
FNH:5
FNDA:4,(anonymous_0)
FNDA:5,(anonymous_1)
FNDA:9,(anonymous_2)
FNDA:8,(anonymous_3)
FNDA:5,(anonymous_4)
DA:6,4
DA:7,4
DA:10,4
DA:11,4
DA:14,4
DA:22,4
DA:25,4
DA:27,2
DA:31,2
DA:33,1
DA:38,1
DA:44,4
DA:45,4
DA:46,3
DA:48,1
DA:49,1
DA:58,4
DA:59,5
DA:60,5
DA:64,4
DA:65,1
DA:69,3
DA:70,1
DA:73,2
DA:75,1
DA:76,1
DA:85,4
DA:86,9
DA:87,9
DA:88,9
DA:91,9
DA:92,2
DA:98,7
DA:99,7
DA:102,7
DA:103,2
DA:110,5
DA:111,5
DA:112,1
DA:119,4
DA:120,4
DA:121,1
DA:124,3
DA:125,2
DA:127,1
DA:128,1
DA:137,4
DA:138,8
DA:139,8
DA:140,7
DA:141,1
DA:145,6
DA:146,1
DA:150,5
DA:151,3
DA:152,1
DA:157,2
DA:158,2
DA:159,1
DA:166,3
DA:167,3
DA:169,1
DA:170,1
DA:179,4
DA:180,5
DA:181,5
DA:182,4
DA:183,1
DA:187,3
DA:188,1
DA:191,2
DA:192,2
DA:194,1
DA:195,1
LF:74
LH:74
BRDA:25,0,0,2
BRDA:25,0,1,2
BRDA:31,1,0,1
BRDA:31,1,1,1
BRDA:64,2,0,1
BRDA:64,2,1,3
BRDA:69,3,0,1
BRDA:69,3,1,2
BRDA:69,4,0,3
BRDA:69,4,1,2
BRDA:91,5,0,2
BRDA:91,5,1,7
BRDA:91,6,0,9
BRDA:91,6,1,8
BRDA:102,7,0,2
BRDA:102,7,1,5
BRDA:102,8,0,7
BRDA:102,8,1,6
BRDA:111,9,0,1
BRDA:111,9,1,4
BRDA:111,10,0,5
BRDA:111,10,1,2
BRDA:120,11,0,1
BRDA:120,11,1,3
BRDA:140,12,0,1
BRDA:140,12,1,6
BRDA:145,13,0,1
BRDA:145,13,1,5
BRDA:145,14,0,6
BRDA:145,14,1,2
BRDA:150,15,0,3
BRDA:150,15,1,2
BRDA:151,16,0,1
BRDA:151,16,1,2
BRDA:158,17,0,1
BRDA:158,17,1,1
BRDA:158,18,0,2
BRDA:158,18,1,2
BRDA:182,19,0,1
BRDA:182,19,1,3
BRDA:187,20,0,1
BRDA:187,20,1,2
BRDA:187,21,0,3
BRDA:187,21,1,2
BRF:44
BRH:44
end_of_record
TN:
SF:controllers\comments.js
FN:3,(anonymous_0)
FN:14,(anonymous_1)
FN:47,(anonymous_2)
FN:60,(anonymous_3)
FN:91,(anonymous_4)
FNF:5
FNH:5
FNDA:2,(anonymous_0)
FNDA:5,(anonymous_1)
FNDA:3,(anonymous_2)
FNDA:6,(anonymous_3)
FNDA:4,(anonymous_4)
DA:1,4
DA:3,4
DA:4,2
DA:5,2
DA:6,2
DA:7,1
DA:9,1
DA:10,1
DA:14,4
DA:15,5
DA:17,5
DA:18,5
DA:19,5
DA:20,1
DA:26,4
DA:27,1
DA:32,3
DA:39,2
DA:40,1
DA:42,1
DA:43,1
DA:47,4
DA:48,3
DA:49,3
DA:50,2
DA:51,1
DA:53,1
DA:55,1
DA:56,1
DA:60,4
DA:61,6
DA:62,6
DA:63,5
DA:64,1
DA:67,4
DA:68,1
DA:71,3
DA:72,1
DA:74,2
DA:75,1
DA:78,1
DA:84,1
DA:86,1
DA:87,1
DA:91,4
DA:92,4
DA:93,4
DA:94,3
DA:95,1
DA:98,2
DA:99,1
DA:102,1
DA:103,1
DA:105,1
DA:106,1
LF:55
LH:55
BRDA:19,0,0,1
BRDA:19,0,1,4
BRDA:19,1,0,5
BRDA:19,1,1,4
BRDA:26,2,0,1
BRDA:26,2,1,3
BRDA:32,3,0,1
BRDA:32,3,1,2
BRDA:50,4,0,1
BRDA:50,4,1,1
BRDA:63,5,0,1
BRDA:63,5,1,4
BRDA:67,6,0,1
BRDA:67,6,1,3
BRDA:67,7,0,4
BRDA:67,7,1,1
BRDA:71,8,0,1
BRDA:71,8,1,2
BRDA:74,9,0,1
BRDA:74,9,1,1
BRDA:94,10,0,1
BRDA:94,10,1,2
BRDA:98,11,0,1
BRDA:98,11,1,1
BRDA:98,12,0,2
BRDA:98,12,1,1
BRF:26
BRH:26
end_of_record
TN:
SF:controllers\companies.js
FN:15,(anonymous_0)
FN:21,(anonymous_1)
FN:25,(anonymous_2)
FN:70,(anonymous_3)
FN:87,(anonymous_4)
FN:102,(anonymous_5)
FN:122,(anonymous_6)
FNF:7
FNH:7
FNDA:7,(anonymous_0)
FNDA:28,(anonymous_1)
FNDA:1,(anonymous_2)
FNDA:3,(anonymous_3)
FNDA:2,(anonymous_4)
FNDA:3,(anonymous_5)
FNDA:3,(anonymous_6)
DA:6,4
DA:7,4
DA:8,4
DA:15,4
DA:19,7
DA:20,7
DA:21,28
DA:24,7
DA:25,7
DA:27,7
DA:30,7
DA:31,1
DA:32,1
DA:36,7
DA:37,1
DA:38,1
DA:40,6
DA:44,7
DA:45,7
DA:46,7
DA:47,7
DA:49,7
DA:50,7
DA:51,6
DA:52,6
DA:55,6
DA:56,6
DA:57,6
DA:59,6
DA:61,1
DA:70,4
DA:71,3
DA:72,3
DA:73,2
DA:74,1
DA:76,1
DA:78,1
DA:87,4
DA:88,2
DA:89,2
DA:90,1
DA:92,1
DA:93,1
DA:102,4
DA:103,3
DA:104,3
DA:108,2
DA:109,1
DA:111,1
DA:113,1
DA:122,4
DA:123,3
DA:124,3
DA:125,2
DA:126,1
DA:130,1
DA:131,1
DA:132,1
DA:134,1
DA:136,1
DA:137,1
LF:61
LH:61
BRDA:30,0,0,1
BRDA:30,0,1,6
BRDA:36,1,0,1
BRDA:36,1,1,6
BRDA:44,2,0,7
BRDA:44,2,1,5
BRDA:45,3,0,7
BRDA:45,3,1,5
BRDA:56,4,0,2
BRDA:56,4,1,4
BRDA:57,5,0,1
BRDA:57,5,1,5
BRDA:73,6,0,1
BRDA:73,6,1,1
BRDA:108,7,0,1
BRDA:108,7,1,1
BRDA:125,8,0,1
BRDA:125,8,1,1
BRF:18
BRH:18
end_of_record
TN:
SF:controllers\reviews.js
FN:15,(anonymous_0)
FN:19,(anonymous_1)
FN:22,(anonymous_2)
FN:73,(anonymous_3)
FN:95,(anonymous_4)
FN:123,(anonymous_5)
FN:171,(anonymous_6)
FNF:7
FNH:7
FNDA:7,(anonymous_0)
FNDA:28,(anonymous_1)
FNDA:1,(anonymous_2)
FNDA:3,(anonymous_3)
FNDA:4,(anonymous_4)
FNDA:7,(anonymous_5)
FNDA:5,(anonymous_6)
DA:6,4
DA:7,4
DA:15,4
DA:17,7
DA:18,7
DA:19,28
DA:21,7
DA:22,7
DA:25,7
DA:26,7
DA:27,7
DA:28,7
DA:31,7
DA:33,7
DA:35,7
DA:36,1
DA:37,1
DA:40,6
DA:45,6
DA:46,1
DA:47,1
DA:49,5
DA:52,6
DA:53,6
DA:54,6
DA:57,6
DA:58,6
DA:59,6
DA:61,6
DA:63,1
DA:64,1
DA:73,4
DA:74,3
DA:75,3
DA:79,2
DA:80,1
DA:83,1
DA:85,1
DA:86,1
DA:95,4
DA:96,4
DA:97,4
DA:98,4
DA:101,4
DA:102,4
DA:103,1
DA:106,3
DA:107,1
DA:109,2
DA:111,2
DA:112,1
DA:114,1
DA:123,4
DA:124,7
DA:125,7
DA:127,6
DA:128,1
DA:132,5
DA:133,1
DA:137,4
DA:138,4
DA:139,4
DA:142,4
DA:143,4
DA:145,4
DA:146,1
DA:149,3
DA:150,3
DA:151,3
DA:152,3
DA:154,3
DA:157,3
DA:159,3
DA:161,1
DA:162,1
DA:171,4
DA:172,5
DA:173,5
DA:175,4
DA:176,1
DA:180,3
DA:181,1
DA:184,2
DA:186,2
DA:188,1
DA:189,1
LF:86
LH:86
BRDA:25,0,0,7
BRDA:25,0,1,5
BRDA:26,1,0,7
BRDA:26,1,1,5
BRDA:35,2,0,1
BRDA:35,2,1,6
BRDA:45,3,0,1
BRDA:45,3,1,5
BRDA:58,4,0,2
BRDA:58,4,1,4
BRDA:59,5,0,1
BRDA:59,5,1,5
BRDA:79,6,0,1
BRDA:79,6,1,1
BRDA:102,7,0,1
BRDA:102,7,1,3
BRDA:111,8,0,1
BRDA:111,8,1,1
BRDA:127,9,0,1
BRDA:127,9,1,5
BRDA:132,10,0,1
BRDA:132,10,1,4
BRDA:132,11,0,5
BRDA:132,11,1,2
BRDA:138,12,0,3
BRDA:138,12,1,1
BRDA:139,13,0,3
BRDA:139,13,1,1
BRDA:142,14,0,3
BRDA:142,14,1,1
BRDA:143,15,0,3
BRDA:143,15,1,1
BRDA:145,16,0,1
BRDA:145,16,1,3
BRDA:145,17,0,4
BRDA:145,17,1,2
BRDA:175,18,0,1
BRDA:175,18,1,3
BRDA:180,19,0,1
BRDA:180,19,1,2
BRDA:180,20,0,3
BRDA:180,20,1,2
BRF:42
BRH:42
end_of_record
TN:
SF:middleware\auth.js
FN:13,(anonymous_0)
FN:41,(anonymous_1)
FN:42,(anonymous_2)
FNF:3
FNH:3
FNDA:6,(anonymous_0)
FNDA:48,(anonymous_1)
FNDA:3,(anonymous_2)
DA:6,4
DA:7,4
DA:13,4
DA:17,6
DA:18,3
DA:21,6
DA:22,4
DA:25,2
DA:27,2
DA:28,1
DA:29,1
DA:30,1
DA:32,1
DA:33,1
DA:41,4
DA:42,48
DA:43,3
DA:44,1
DA:49,2
LF:19
LH:19
BRDA:17,0,0,3
BRDA:17,0,1,3
BRDA:17,1,0,6
BRDA:17,1,1,4
BRDA:21,2,0,4
BRDA:21,2,1,2
BRDA:21,3,0,6
BRDA:21,3,1,3
BRDA:43,4,0,1
BRDA:43,4,1,2
BRF:10
BRH:10
end_of_record
TN:
SF:models\Blog.js
FN:22,(anonymous_0)
FN:26,(anonymous_1)
FNF:2
FNH:2
FNDA:3,(anonymous_0)
FNDA:3,(anonymous_1)
DA:1,5
DA:3,5
DA:22,5
DA:23,3
DA:26,5
DA:27,3
DA:28,3
DA:29,3
DA:30,3
DA:32,3
DA:33,1
DA:34,2
DA:35,1
DA:39,5
DA:41,5
DA:48,5
LF:16
LH:16
BRDA:23,0,0,1
BRDA:23,0,1,2
BRDA:23,1,0,3
BRDA:23,1,1,2
BRDA:28,2,0,3
BRDA:28,2,1,2
BRDA:29,3,0,3
BRDA:29,3,1,2
BRDA:32,4,0,1
BRDA:32,4,1,2
BRDA:32,5,0,3
BRDA:32,5,1,1
BRDA:34,6,0,1
BRDA:34,6,1,1
BRF:14
BRH:14
end_of_record
TN:
SF:models\Booking.js
FNF:0
FNH:0
DA:1,6
DA:3,6
DA:24,6
LF:3
LH:3
BRF:0
BRH:0
end_of_record
TN:
SF:models\Comment.js
FN:18,(anonymous_0)
FN:22,(anonymous_1)
FNF:2
FNH:2
FNDA:3,(anonymous_0)
FNDA:4,(anonymous_1)
DA:1,5
DA:3,5
DA:18,5
DA:19,3
DA:22,5
DA:23,4
DA:24,4
DA:25,4
DA:26,4
DA:28,4
DA:29,2
DA:30,2
DA:31,1
DA:35,5
DA:37,5
LF:15
LH:15
BRDA:19,0,0,1
BRDA:19,0,1,2
BRDA:19,1,0,3
BRDA:19,1,1,2
BRDA:24,2,0,4
BRDA:24,2,1,3
BRDA:25,3,0,4
BRDA:25,3,1,3
BRDA:28,4,0,2
BRDA:28,4,1,2
BRDA:28,5,0,4
BRDA:28,5,1,2
BRDA:30,6,0,1
BRDA:30,6,1,1
BRF:14
BRH:14
end_of_record
TN:
SF:models\Company.js
FNF:0
FNH:0
DA:1,8
DA:3,8
DA:18,8
DA:27,8
DA:34,8
LF:5
LH:5
BRF:0
BRH:0
end_of_record
TN:
SF:models\Review.js
FN:28,(anonymous_0)
FN:33,(anonymous_1)
FN:54,(anonymous_2)
FN:80,(anonymous_3)
FN:85,(anonymous_4)
FNF:5
FNH:5
FNDA:3,(anonymous_0)
FNDA:4,(anonymous_1)
FNDA:2,(anonymous_2)
FNDA:1,(anonymous_3)
FNDA:2,(anonymous_4)
DA:1,6
DA:6,6
DA:28,6
DA:29,3
DA:33,6
DA:34,4
DA:36,4
DA:37,4
DA:38,4
DA:40,4
DA:41,2
DA:42,2
DA:43,1
DA:49,6
DA:51,6
DA:54,6
DA:55,2
DA:66,2
DA:67,1
DA:72,1
DA:80,6
DA:81,1
DA:85,6
DA:86,2
DA:89,6
LF:25
LH:25
BRDA:29,0,0,1
BRDA:29,0,1,2
BRDA:29,1,0,3
BRDA:29,1,1,2
BRDA:36,2,0,4
BRDA:36,2,1,3
BRDA:37,3,0,4
BRDA:37,3,1,3
BRDA:40,4,0,2
BRDA:40,4,1,2
BRDA:40,5,0,4
BRDA:40,5,1,2
BRDA:42,6,0,1
BRDA:42,6,1,1
BRDA:66,7,0,1
BRDA:66,7,1,1
BRDA:86,8,0,1
BRDA:86,8,1,1
BRF:18
BRH:18
end_of_record
TN:
SF:models\User.js
FN:22,(anonymous_0)
FN:28,(anonymous_1)
FN:35,(anonymous_2)
FNF:3
FNH:3
FNDA:1,(anonymous_0)
FNDA:1,(anonymous_1)
FNDA:2,(anonymous_2)
DA:1,5
DA:2,5
DA:3,5
DA:5,5
DA:22,5
DA:23,1
DA:24,1
DA:28,5
DA:29,1
DA:35,5
DA:36,2
DA:39,5
LF:12
LH:12
BRF:0
BRH:0
end_of_record
TN:
SF:routes\auth.js
FNF:0
FNH:0
DA:1,4
DA:2,4
DA:3,4
DA:4,4
DA:5,4
DA:6,4
DA:7,4
DA:8,4
DA:9,4
LF:9
LH:9
BRF:0
BRH:0
end_of_record
TN:
SF:routes\blogs.js
FNF:0
FNH:0
DA:1,3
DA:2,3
DA:3,3
DA:4,3
DA:5,3
DA:7,3
DA:8,3
DA:9,3
DA:11,3
LF:9
LH:9
BRF:0
BRH:0
end_of_record
TN:
SF:routes\bookings.js
FNF:0
FNH:0
DA:1,5
DA:2,5
DA:3,5
DA:4,5
DA:6,5
DA:9,5
DA:14,5
LF:7
LH:7
BRF:0
BRH:0
end_of_record
TN:
SF:routes\comments.js
FNF:0
FNH:0
DA:1,3
DA:2,3
DA:3,3
DA:4,3
DA:6,3
DA:7,3
DA:9,3
LF:7
LH:7
BRF:0
BRH:0
end_of_record
TN:
SF:routes\companies.js
FNF:0
FNH:0
DA:1,4
DA:2,4
DA:3,4
DA:4,4
DA:5,4
DA:6,4
DA:8,4
DA:9,4
DA:10,4
DA:13,4
DA:17,4
LF:11
LH:11
BRF:0
BRH:0
end_of_record
TN:
SF:routes\reviews.js
FNF:0
FNH:0
DA:1,5
DA:2,5
DA:3,5
DA:4,5
DA:6,5
DA:9,5
DA:14,5
LF:7
LH:7
BRF:0
BRH:0
end_of_record
